{
  "bad": false,
  "new_version": "25.06.00",
  "new_version_attempt_ts": {
    "22.04.00": 1758386468.0,
    "22.06.00": 1758386468.0,
    "22.06.01": 1758375668.0,
    "22.08.00": 1758386468.0,
    "22.10.00": 1758371348.0,
    "22.10.01": 1758376388.0,
    "22.12.00": 1758379268.0,
    "23.02.00": 1758372788.0,
    "23.04.00": 1758379988.0,
    "23.04.01": 1758374228.0,
    "23.06.00": 1758374228.0,
    "23.08.00": 1758374948.0,
    "23.10.00": 1758371348.0,
    "23.12.00": 1758356228.0,
    "24.02.00": 1758341108.0,
    "24.04.00": 1758336788.0,
    "24.06.00": 1758329588.0,
    "24.08.00": 1758387188.0,
    "24.08.02": 1758351188.0,
    "24.10.00": 1758379268.0,
    "24.12.00": 1758390068.0
  },
  "new_version_attempts": {
    "22.02.00": 2,
    "22.04.00": 1.2,
    "22.04.01": 3,
    "22.06.00": 1.2,
    "22.06.01": 4.200000000000001,
    "22.08.00": 1.2,
    "22.10.00": 5.400000000000003,
    "22.10.01": 4.000000000000002,
    "22.12.00": 3.200000000000001,
    "23.02.00": 5.000000000000003,
    "23.04.00": 3.000000000000001,
    "23.04.01": 4.600000000000001,
    "23.06.00": 4.600000000000002,
    "23.08.00": 4.400000000000002,
    "23.10.00": 5.400000000000003,
    "23.12.00": 9.599999999999994,
    "24.02.00": 13.8,
    "24.04.00": 15,
    "24.06.00": 17,
    "24.08.00": 1,
    "24.08.02": 11,
    "24.10.00": 3.2,
    "24.12.00": 0.19999999999999996
  },
  "new_version_errors": {
    "22.04.00": "not solvable (<a href=\"https://github.com/regro/autotick-bot/actions/runs/2104688103\">bot CI job</a>): main: ['linux_64_c_compiler_version10cuda_compiler_version11.2cxx_compiler_version10python3.7.____cpython: Encountered problems while solving:\\n  - nothing provides requested librmm 22.04.00.*\\n', 'linux_64_c_compiler_version10cuda_compiler_version11.2cxx_compiler_version10python3.8.____cpython: Encountered problems while solving:\\n  - nothing provides requested librmm 22.04.00.*\\n', 'linux_64_c_compiler_version10cuda_compiler_version11.2cxx_compiler_version10python3.9.____cpython: Encountered problems while solving:\\n  - nothing provides requested librmm 22.04.00.*\\n', 'linux_aarch64_python3.7.____cpython: Encountered problems while solving:\\n  - nothing provides requested librmm 22.04.00.*\\n', 'linux_aarch64_python3.8.____cpython: Encountered problems while solving:\\n  - nothing provides requested librmm 22.04.00.*\\n', 'linux_aarch64_python3.9.____cpython: Encountered problems while solving:\\n  - nothing provides requested librmm 22.04.00.*\\n', 'linux_ppc64le_python3.7.____cpython: Encountered problems while solving:\\n  - nothing provides requested librmm 22.04.00.*\\n', 'linux_ppc64le_python3.8.____cpython: Encountered problems while solving:\\n  - nothing provides requested librmm 22.04.00.*\\n', 'linux_ppc64le_python3.9.____cpython: Encountered problems while solving:\\n  - nothing provides requested librmm 22.04.00.*\\n']",
    "22.06.00": "not solvable (<a href=\"https://github.com/regro/autotick-bot/actions/runs/2456557116\">bot CI job</a>): main: ['linux_64_c_compiler_version10cuda_compiler_version11.2cxx_compiler_version10python3.10.____cpython: Encountered problems while solving:\\n  - nothing provides requested librmm 22.06.00.*\\n', 'linux_64_c_compiler_version10cuda_compiler_version11.2cxx_compiler_version10python3.8.____cpython: Encountered problems while solving:\\n  - nothing provides requested librmm 22.06.00.*\\n', 'linux_64_c_compiler_version10cuda_compiler_version11.2cxx_compiler_version10python3.9.____cpython: Encountered problems while solving:\\n  - nothing provides requested librmm 22.06.00.*\\n', 'linux_aarch64_python3.10.____cpython: Encountered problems while solving:\\n  - nothing provides requested librmm 22.06.00.*\\n', 'linux_aarch64_python3.8.____cpython: Encountered problems while solving:\\n  - nothing provides requested librmm 22.06.00.*\\n', 'linux_aarch64_python3.9.____cpython: Encountered problems while solving:\\n  - nothing provides requested librmm 22.06.00.*\\n', 'linux_ppc64le_python3.10.____cpython: Encountered problems while solving:\\n  - nothing provides requested librmm 22.06.00.*\\n', 'linux_ppc64le_python3.8.____cpython: Encountered problems while solving:\\n  - nothing provides requested librmm 22.06.00.*\\n', 'linux_ppc64le_python3.9.____cpython: Encountered problems while solving:\\n  - nothing provides requested librmm 22.06.00.*\\n']",
    "22.06.01": "not solvable (<a href=\"https://github.com/regro/autotick-bot/actions/runs/2640890074\">bot CI job</a>): main: ['linux_64_c_compiler_version10cuda_compiler_version11.2cxx_compiler_version10python3.10.____cpython: Encountered problems while solving:\\n  - nothing provides requested librmm 22.06.01.*\\n', 'linux_64_c_compiler_version10cuda_compiler_version11.2cxx_compiler_version10python3.8.____cpython: Encountered problems while solving:\\n  - nothing provides requested librmm 22.06.01.*\\n', 'linux_64_c_compiler_version10cuda_compiler_version11.2cxx_compiler_version10python3.9.____cpython: Encountered problems while solving:\\n  - nothing provides requested librmm 22.06.01.*\\n', 'linux_aarch64_python3.10.____cpython: Encountered problems while solving:\\n  - nothing provides requested librmm 22.06.01.*\\n', 'linux_aarch64_python3.8.____cpython: Encountered problems while solving:\\n  - nothing provides requested librmm 22.06.01.*\\n', 'linux_aarch64_python3.9.____cpython: Encountered problems while solving:\\n  - nothing provides requested librmm 22.06.01.*\\n', 'linux_ppc64le_python3.10.____cpython: Encountered problems while solving:\\n  - nothing provides requested librmm 22.06.01.*\\n', 'linux_ppc64le_python3.8.____cpython: Encountered problems while solving:\\n  - nothing provides requested librmm 22.06.01.*\\n', 'linux_ppc64le_python3.9.____cpython: Encountered problems while solving:\\n  - nothing provides requested librmm 22.06.01.*\\n']",
    "22.08.00": "not solvable (<a href=\"https://github.com/regro/autotick-bot/actions/runs/2877984613\">bot CI job</a>): main: ['linux_64_c_compiler_version10cuda_compiler_version11.2cxx_compiler_version10python3.10.____cpython: Encountered problems while solving:\\n  - nothing provides requested librmm 22.08.00.*\\n', 'linux_64_c_compiler_version10cuda_compiler_version11.2cxx_compiler_version10python3.8.____cpython: Encountered problems while solving:\\n  - nothing provides requested librmm 22.08.00.*\\n', 'linux_64_c_compiler_version10cuda_compiler_version11.2cxx_compiler_version10python3.9.____cpython: Encountered problems while solving:\\n  - nothing provides requested librmm 22.08.00.*\\n', 'linux_aarch64_python3.10.____cpython: Encountered problems while solving:\\n  - nothing provides requested librmm 22.08.00.*\\n', 'linux_aarch64_python3.8.____cpython: Encountered problems while solving:\\n  - nothing provides requested librmm 22.08.00.*\\n', 'linux_aarch64_python3.9.____cpython: Encountered problems while solving:\\n  - nothing provides requested librmm 22.08.00.*\\n', 'linux_ppc64le_python3.10.____cpython: Encountered problems while solving:\\n  - nothing provides requested librmm 22.08.00.*\\n', 'linux_ppc64le_python3.8.____cpython: Encountered problems while solving:\\n  - nothing provides requested librmm 22.08.00.*\\n', 'linux_ppc64le_python3.9.____cpython: Encountered problems while solving:\\n  - nothing provides requested librmm 22.08.00.*\\n']",
    "22.10.00": "not solvable (<a href=\"https://github.com/regro/autotick-bot/actions/runs/3361107003\">bot CI job</a>): main: ['linux_64_c_compiler_version10cuda_compiler_version11.2cxx_compiler_version10python3.10.____cpython: Encountered problems while solving:\\n  - nothing provides requested librmm 22.10.00.*\\n', 'linux_64_c_compiler_version10cuda_compiler_version11.2cxx_compiler_version10python3.8.____cpython: Encountered problems while solving:\\n  - nothing provides requested librmm 22.10.00.*\\n', 'linux_64_c_compiler_version10cuda_compiler_version11.2cxx_compiler_version10python3.9.____cpython: Encountered problems while solving:\\n  - nothing provides requested librmm 22.10.00.*\\n', 'linux_aarch64_python3.10.____cpython: Encountered problems while solving:\\n  - nothing provides requested librmm 22.10.00.*\\n', 'linux_aarch64_python3.8.____cpython: Encountered problems while solving:\\n  - nothing provides requested librmm 22.10.00.*\\n', 'linux_aarch64_python3.9.____cpython: Encountered problems while solving:\\n  - nothing provides requested librmm 22.10.00.*\\n', 'linux_ppc64le_python3.10.____cpython: Encountered problems while solving:\\n  - nothing provides requested librmm 22.10.00.*\\n', 'linux_ppc64le_python3.8.____cpython: Encountered problems while solving:\\n  - nothing provides requested librmm 22.10.00.*\\n', 'linux_ppc64le_python3.9.____cpython: Encountered problems while solving:\\n  - nothing provides requested librmm 22.10.00.*\\n']",
    "22.10.01": "not solvable (<a href=\"https://github.com/regro/autotick-bot/actions/runs/3618294208\">bot CI job</a>): main: ['linux_64_c_compiler_version10cuda_compiler_version11.2cxx_compiler_version10python3.10.____cpython: Encountered problems while solving:\\n  - nothing provides requested librmm 22.10.01.*\\n', 'linux_64_c_compiler_version10cuda_compiler_version11.2cxx_compiler_version10python3.8.____cpython: Encountered problems while solving:\\n  - nothing provides requested librmm 22.10.01.*\\n', 'linux_64_c_compiler_version10cuda_compiler_version11.2cxx_compiler_version10python3.9.____cpython: Encountered problems while solving:\\n  - nothing provides requested librmm 22.10.01.*\\n', 'linux_aarch64_python3.10.____cpython: Encountered problems while solving:\\n  - nothing provides requested librmm 22.10.01.*\\n', 'linux_aarch64_python3.8.____cpython: Encountered problems while solving:\\n  - nothing provides requested librmm 22.10.01.*\\n', 'linux_aarch64_python3.9.____cpython: Encountered problems while solving:\\n  - nothing provides requested librmm 22.10.01.*\\n', 'linux_ppc64le_python3.10.____cpython: Encountered problems while solving:\\n  - nothing provides requested librmm 22.10.01.*\\n', 'linux_ppc64le_python3.8.____cpython: Encountered problems while solving:\\n  - nothing provides requested librmm 22.10.01.*\\n', 'linux_ppc64le_python3.9.____cpython: Encountered problems while solving:\\n  - nothing provides requested librmm 22.10.01.*\\n']",
    "22.12.00": "not solvable (<a href=\"https://github.com/regro/autotick-bot/actions/runs/4113843237\">bot CI job</a>): main: ['linux_64_c_compiler_version10cuda_compiler_version11.2cxx_compiler_version10python3.10.____cpython: Encountered problems while solving:\\n  - nothing provides requested librmm 22.12.00.*\\n', 'linux_64_c_compiler_version10cuda_compiler_version11.2cxx_compiler_version10python3.8.____cpython: Encountered problems while solving:\\n  - nothing provides requested librmm 22.12.00.*\\n', 'linux_64_c_compiler_version10cuda_compiler_version11.2cxx_compiler_version10python3.9.____cpython: Encountered problems while solving:\\n  - nothing provides requested librmm 22.12.00.*\\n', 'linux_aarch64_python3.10.____cpython: Encountered problems while solving:\\n  - nothing provides requested librmm 22.12.00.*\\n', 'linux_aarch64_python3.8.____cpython: Encountered problems while solving:\\n  - nothing provides requested librmm 22.12.00.*\\n', 'linux_aarch64_python3.9.____cpython: Encountered problems while solving:\\n  - nothing provides requested librmm 22.12.00.*\\n', 'linux_ppc64le_python3.10.____cpython: Encountered problems while solving:\\n  - nothing provides requested librmm 22.12.00.*\\n', 'linux_ppc64le_python3.8.____cpython: Encountered problems while solving:\\n  - nothing provides requested librmm 22.12.00.*\\n', 'linux_ppc64le_python3.9.____cpython: Encountered problems while solving:\\n  - nothing provides requested librmm 22.12.00.*\\n']",
    "23.02.00": "not solvable (<a href=\"https://github.com/regro/cf-scripts/actions/runs/4650239696\">bot CI job</a>): main: ['linux_64_c_compiler_version10cuda_compiler_version11.2cxx_compiler_version10python3.10.____cpython: Encountered problems while solving:\\n  - nothing provides requested librmm 23.02.00.*\\n', 'linux_64_c_compiler_version10cuda_compiler_version11.2cxx_compiler_version10python3.8.____cpython: Encountered problems while solving:\\n  - nothing provides requested librmm 23.02.00.*\\n', 'linux_64_c_compiler_version10cuda_compiler_version11.2cxx_compiler_version10python3.9.____cpython: Encountered problems while solving:\\n  - nothing provides requested librmm 23.02.00.*\\n', 'linux_aarch64_python3.10.____cpython: Encountered problems while solving:\\n  - nothing provides requested librmm 23.02.00.*\\n', 'linux_aarch64_python3.8.____cpython: Encountered problems while solving:\\n  - nothing provides requested librmm 23.02.00.*\\n', 'linux_aarch64_python3.9.____cpython: Encountered problems while solving:\\n  - nothing provides requested librmm 23.02.00.*\\n', 'linux_ppc64le_python3.10.____cpython: Encountered problems while solving:\\n  - nothing provides requested librmm 23.02.00.*\\n', 'linux_ppc64le_python3.8.____cpython: Encountered problems while solving:\\n  - nothing provides requested librmm 23.02.00.*\\n', 'linux_ppc64le_python3.9.____cpython: Encountered problems while solving:\\n  - nothing provides requested librmm 23.02.00.*\\n']",
    "23.04.00": "not solvable (<a href=\"https://github.com/regro/cf-scripts/actions/runs/4707510652\">bot CI job</a>): main: ['linux_64_c_compiler_version10cuda_compiler_version11.2cxx_compiler_version10python3.10.____cpython: Encountered problems while solving:\\n  - nothing provides requested librmm 23.04.00.*\\n', 'linux_64_c_compiler_version10cuda_compiler_version11.2cxx_compiler_version10python3.8.____cpython: Encountered problems while solving:\\n  - nothing provides requested librmm 23.04.00.*\\n', 'linux_64_c_compiler_version10cuda_compiler_version11.2cxx_compiler_version10python3.9.____cpython: Encountered problems while solving:\\n  - nothing provides requested librmm 23.04.00.*\\n', 'linux_aarch64_python3.10.____cpython: Encountered problems while solving:\\n  - nothing provides requested librmm 23.04.00.*\\n', 'linux_aarch64_python3.8.____cpython: Encountered problems while solving:\\n  - nothing provides requested librmm 23.04.00.*\\n', 'linux_aarch64_python3.9.____cpython: Encountered problems while solving:\\n  - nothing provides requested librmm 23.04.00.*\\n', 'linux_ppc64le_python3.10.____cpython: Encountered problems while solving:\\n  - nothing provides requested librmm 23.04.00.*\\n', 'linux_ppc64le_python3.8.____cpython: Encountered problems while solving:\\n  - nothing provides requested librmm 23.04.00.*\\n', 'linux_ppc64le_python3.9.____cpython: Encountered problems while solving:\\n  - nothing provides requested librmm 23.04.00.*\\n']",
    "23.04.01": "not solvable (<a href=\"https://github.com/regro/cf-scripts/actions/runs/5111724618\">bot CI job</a>): main: ['linux_64_c_compiler_version10cuda_compilernvcccuda_compiler_version11.2cxx_compiler_version10python3.10.____cpython: Encountered problems while solving:\\n  - nothing provides requested librmm 23.04.01.*\\n', 'linux_64_c_compiler_version10cuda_compilernvcccuda_compiler_version11.2cxx_compiler_version10python3.8.____cpython: Encountered problems while solving:\\n  - nothing provides requested librmm 23.04.01.*\\n', 'linux_64_c_compiler_version10cuda_compilernvcccuda_compiler_version11.2cxx_compiler_version10python3.9.____cpython: Encountered problems while solving:\\n  - nothing provides requested librmm 23.04.01.*\\n', 'linux_aarch64_python3.10.____cpython: Encountered problems while solving:\\n  - nothing provides requested librmm 23.04.01.*\\n', 'linux_aarch64_python3.8.____cpython: Encountered problems while solving:\\n  - nothing provides requested librmm 23.04.01.*\\n', 'linux_aarch64_python3.9.____cpython: Encountered problems while solving:\\n  - nothing provides requested librmm 23.04.01.*\\n', 'linux_ppc64le_python3.10.____cpython: Encountered problems while solving:\\n  - nothing provides requested librmm 23.04.01.*\\n', 'linux_ppc64le_python3.8.____cpython: Encountered problems while solving:\\n  - nothing provides requested librmm 23.04.01.*\\n', 'linux_ppc64le_python3.9.____cpython: Encountered problems while solving:\\n  - nothing provides requested librmm 23.04.01.*\\n']",
    "23.06.00": "not solvable (<a href=\"https://github.com/regro/cf-scripts/actions/runs/5773272711\">bot CI job</a>): main: ['linux_64_c_compiler_version10cuda_compilernvcccuda_compiler_version11.2cxx_compiler_version10python3.10.____cpython: Encountered problems while solving:\\n  - nothing provides requested librmm 23.06.00.*', 'linux_64_c_compiler_version10cuda_compilernvcccuda_compiler_version11.2cxx_compiler_version10python3.8.____cpython: Encountered problems while solving:\\n  - nothing provides requested librmm 23.06.00.*', 'linux_64_c_compiler_version10cuda_compilernvcccuda_compiler_version11.2cxx_compiler_version10python3.9.____cpython: Encountered problems while solving:\\n  - nothing provides requested librmm 23.06.00.*']",
    "23.08.00": "not solvable (<a href=\"https://github.com/regro/cf-scripts/actions/runs/6133309190\">bot CI job</a>): main: ['linux_64_c_compiler_version10cuda_compilernvcccuda_compiler_version11.2cxx_compiler_version10python3.10.____cpython: Encountered problems while solving:\\n  - nothing provides requested librmm 23.08.00.*\\n', 'linux_64_c_compiler_version10cuda_compilernvcccuda_compiler_version11.2cxx_compiler_version10python3.8.____cpython: Encountered problems while solving:\\n  - nothing provides requested librmm 23.08.00.*\\n', 'linux_64_c_compiler_version10cuda_compilernvcccuda_compiler_version11.2cxx_compiler_version10python3.9.____cpython: Encountered problems while solving:\\n  - nothing provides requested librmm 23.08.00.*\\n', 'linux_aarch64_python3.10.____cpython: Encountered problems while solving:\\n  - nothing provides requested librmm 23.08.00.*\\n', 'linux_aarch64_python3.8.____cpython: Encountered problems while solving:\\n  - nothing provides requested librmm 23.08.00.*\\n', 'linux_aarch64_python3.9.____cpython: Encountered problems while solving:\\n  - nothing provides requested librmm 23.08.00.*\\n', 'linux_ppc64le_python3.10.____cpython: Encountered problems while solving:\\n  - nothing provides requested librmm 23.08.00.*\\n', 'linux_ppc64le_python3.8.____cpython: Encountered problems while solving:\\n  - nothing provides requested librmm 23.08.00.*\\n', 'linux_ppc64le_python3.9.____cpython: Encountered problems while solving:\\n  - nothing provides requested librmm 23.08.00.*\\n']",
    "23.10.00": "not solvable (<a href='https://github.com/regro/cf-scripts/actions/runs/7073854193'>bot CI job</a>) @ main\n                <details>\n                <div align=\"left\">\n                <pre>\n                linux_64_c_compiler_version10cuda_compilernvcccuda_compiler_version11.2cxx_compiler_version10python3.11.____cpython: Could not solve for environment specs\nThe following packages are incompatible\n├─ cuda-python >=11.5,<11.7.1  is installable with the potential options\n│  ├─ cuda-python [11.5.0|11.6.0|11.6.1|11.7.0] would require\n│  │  └─ python_abi 3.7.* *_cp37m, which can be installed;\n│  ├─ cuda-python [11.5.0|11.6.0|11.6.1|11.7.0] would require\n│  │  └─ python_abi 3.10.* *_cp310, which can be installed;\n│  ├─ cuda-python [11.5.0|11.6.0|11.6.1|11.7.0] would require\n│  │  └─ python_abi 3.8.* *_cp38, which can be installed;\n│  └─ cuda-python [11.5.0|11.6.0|11.6.1|11.7.0] would require\n│     └─ python_abi 3.9.* *_cp39, which can be installed;\n└─ python 3.11.* *_cpython is not installable because it requires\n   └─ python_abi 3.11.* *_cp311, which conflicts with any installable versions previously reported.</pre><pre>linux_aarch64_python3.11.____cpython: Could not solve for environment specs\nThe following packages are incompatible\n├─ cuda-python >=11.5,<11.7.1  is installable with the potential options\n│  ├─ cuda-python [11.5.0|11.6.0|11.6.1|11.7.0] would require\n│  │  └─ python_abi 3.7.* *_cp37m, which can be installed;\n│  ├─ cuda-python [11.5.0|11.6.0|11.6.1|11.7.0] would require\n│  │  └─ python_abi 3.10.* *_cp310, which can be installed;\n│  ├─ cuda-python [11.5.0|11.6.0|11.6.1|11.7.0] would require\n│  │  └─ python_abi 3.8.* *_cp38, which can be installed;\n│  └─ cuda-python [11.5.0|11.6.0|11.6.1|11.7.0] would require\n│     └─ python_abi 3.9.* *_cp39, which can be installed;\n└─ python 3.11.* *_cpython is not installable because it requires\n   └─ python_abi 3.11.* *_cp311, which conflicts with any installable versions previously reported.</pre><pre>linux_ppc64le_python3.11.____cpython: Could not solve for environment specs\nThe following packages are incompatible\n├─ cuda-python >=11.5,<11.7.1  is installable with the potential options\n│  ├─ cuda-python [11.5.0|11.6.0|11.6.1|11.7.0] would require\n│  │  └─ python_abi 3.7.* *_cp37m, which can be installed;\n│  ├─ cuda-python [11.5.0|11.6.0|11.6.1|11.7.0] would require\n│  │  └─ python_abi 3.10.* *_cp310, which can be installed;\n│  ├─ cuda-python [11.5.0|11.6.0|11.6.1|11.7.0] would require\n│  │  └─ python_abi 3.8.* *_cp38, which can be installed;\n│  └─ cuda-python [11.5.0|11.6.0|11.6.1|11.7.0] would require\n│     └─ python_abi 3.9.* *_cp39, which can be installed;\n└─ python 3.11.* *_cpython is not installable because it requires\n   └─ python_abi 3.11.* *_cp311, which conflicts with any installable versions previously reported.\n                </pre>\n                </div>\n                </details>",
    "23.12.00": "not solvable (<a href='https://github.com/regro/cf-scripts/actions/runs/7866431467'>bot CI job</a>) @ main\n                <details>\n                <div align=\"left\">\n                <pre>\n                linux_64_c_compiler_version10cuda_compilernvcccuda_compiler_version11.2cxx_compiler_version10python3.11.____cpython: Could not solve for environment specs\nThe following packages are incompatible\n├─ cuda-python >=11.5,<11.7.1  is installable with the potential options\n│  ├─ cuda-python [11.5.0|11.6.0|11.6.1|11.7.0] would require\n│  │  └─ python_abi 3.10.* *_cp310, which can be installed;\n│  ├─ cuda-python [11.5.0|11.6.0|11.6.1|11.7.0] would require\n│  │  └─ python_abi 3.7.* *_cp37m, which can be installed;\n│  ├─ cuda-python [11.5.0|11.6.0|11.6.1|11.7.0] would require\n│  │  └─ python_abi 3.8.* *_cp38, which can be installed;\n│  └─ cuda-python [11.5.0|11.6.0|11.6.1|11.7.0] would require\n│     └─ python_abi 3.9.* *_cp39, which can be installed;\n└─ python 3.11.* *_cpython is not installable because it requires\n   └─ python_abi 3.11.* *_cp311, which conflicts with any installable versions previously reported.</pre><pre>linux_aarch64_python3.11.____cpython: Could not solve for environment specs\nThe following packages are incompatible\n├─ cuda-python >=11.5,<11.7.1  is installable with the potential options\n│  ├─ cuda-python [11.5.0|11.6.0|11.6.1|11.7.0] would require\n│  │  └─ python_abi 3.10.* *_cp310, which can be installed;\n│  ├─ cuda-python [11.5.0|11.6.0|11.6.1|11.7.0] would require\n│  │  └─ python_abi 3.7.* *_cp37m, which can be installed;\n│  ├─ cuda-python [11.5.0|11.6.0|11.6.1|11.7.0] would require\n│  │  └─ python_abi 3.8.* *_cp38, which can be installed;\n│  └─ cuda-python [11.5.0|11.6.0|11.6.1|11.7.0] would require\n│     └─ python_abi 3.9.* *_cp39, which can be installed;\n└─ python 3.11.* *_cpython is not installable because it requires\n   └─ python_abi 3.11.* *_cp311, which conflicts with any installable versions previously reported.</pre><pre>linux_ppc64le_python3.11.____cpython: Could not solve for environment specs\nThe following packages are incompatible\n├─ cuda-python >=11.5,<11.7.1  is installable with the potential options\n│  ├─ cuda-python [11.5.0|11.6.0|11.6.1|11.7.0] would require\n│  │  └─ python_abi 3.10.* *_cp310, which can be installed;\n│  ├─ cuda-python [11.5.0|11.6.0|11.6.1|11.7.0] would require\n│  │  └─ python_abi 3.7.* *_cp37m, which can be installed;\n│  ├─ cuda-python [11.5.0|11.6.0|11.6.1|11.7.0] would require\n│  │  └─ python_abi 3.8.* *_cp38, which can be installed;\n│  └─ cuda-python [11.5.0|11.6.0|11.6.1|11.7.0] would require\n│     └─ python_abi 3.9.* *_cp39, which can be installed;\n└─ python 3.11.* *_cpython is not installable because it requires\n   └─ python_abi 3.11.* *_cp311, which conflicts with any installable versions previously reported.\n                </pre>\n                </div>\n                </details>",
    "24.02.00": "not solvable (<a href='https://github.com/regro/cf-scripts/actions/runs/8075381778'>bot CI job</a>) @ main\n                <details>\n                <div align=\"left\">\n                <pre>\n                linux_64_c_compiler_version10cuda_compilernvcccuda_compiler_version11.2cxx_compiler_version10python3.11.____cpython: Could not solve for environment specs\nThe following packages are incompatible\n├─ cuda-python >=11.5,<11.7.1  is installable with the potential options\n│  ├─ cuda-python [11.5.0|11.6.0|11.6.1|11.7.0] would require\n│  │  └─ python_abi 3.7.* *_cp37m, which can be installed;\n│  ├─ cuda-python [11.5.0|11.6.0|11.6.1|11.7.0] would require\n│  │  └─ python_abi 3.10.* *_cp310, which can be installed;\n│  ├─ cuda-python [11.5.0|11.6.0|11.6.1|11.7.0] would require\n│  │  └─ python_abi 3.8.* *_cp38, which can be installed;\n│  └─ cuda-python [11.5.0|11.6.0|11.6.1|11.7.0] would require\n│     └─ python_abi 3.9.* *_cp39, which can be installed;\n└─ python 3.11.* *_cpython is not installable because it requires\n   └─ python_abi 3.11.* *_cp311, which conflicts with any installable versions previously reported.</pre><pre>linux_aarch64_python3.11.____cpython: Could not solve for environment specs\nThe following packages are incompatible\n├─ cuda-python >=11.5,<11.7.1  is installable with the potential options\n│  ├─ cuda-python [11.5.0|11.6.0|11.6.1|11.7.0] would require\n│  │  └─ python_abi 3.7.* *_cp37m, which can be installed;\n│  ├─ cuda-python [11.5.0|11.6.0|11.6.1|11.7.0] would require\n│  │  └─ python_abi 3.10.* *_cp310, which can be installed;\n│  ├─ cuda-python [11.5.0|11.6.0|11.6.1|11.7.0] would require\n│  │  └─ python_abi 3.8.* *_cp38, which can be installed;\n│  └─ cuda-python [11.5.0|11.6.0|11.6.1|11.7.0] would require\n│     └─ python_abi 3.9.* *_cp39, which can be installed;\n└─ python 3.11.* *_cpython is not installable because it requires\n   └─ python_abi 3.11.* *_cp311, which conflicts with any installable versions previously reported.</pre><pre>linux_ppc64le_python3.11.____cpython: Could not solve for environment specs\nThe following packages are incompatible\n├─ cuda-python >=11.5,<11.7.1  is installable with the potential options\n│  ├─ cuda-python [11.5.0|11.6.0|11.6.1|11.7.0] would require\n│  │  └─ python_abi 3.7.* *_cp37m, which can be installed;\n│  ├─ cuda-python [11.5.0|11.6.0|11.6.1|11.7.0] would require\n│  │  └─ python_abi 3.10.* *_cp310, which can be installed;\n│  ├─ cuda-python [11.5.0|11.6.0|11.6.1|11.7.0] would require\n│  │  └─ python_abi 3.8.* *_cp38, which can be installed;\n│  └─ cuda-python [11.5.0|11.6.0|11.6.1|11.7.0] would require\n│     └─ python_abi 3.9.* *_cp39, which can be installed;\n└─ python 3.11.* *_cpython is not installable because it requires\n   └─ python_abi 3.11.* *_cp311, which conflicts with any installable versions previously reported.\n                </pre>\n                </div>\n                </details>",
    "24.04.00": "bot error (<a href=\"https://github.com/regro/cf-scripts/actions/runs/9384047938\">bot CI job</a>): main: Traceback (most recent call last):\n  File \"/home/runner/work/cf-scripts/cf-scripts/cf-scripts/conda_forge_tick/auto_tick.py\", line 572, in _run_migrator_on_feedstock_branch\n    migrator_uid, pr_json = run(\n                            ^^^^\n  File \"/home/runner/work/cf-scripts/cf-scripts/cf-scripts/conda_forge_tick/auto_tick.py\", line 260, in run\n    rerender_msg = rerender_feedstock(feedstock_dir, timeout=900)\n                   ^^^^^^^^^^^^^^^^^^^^^^^^^^^^^^^^^^^^^^^^^^^^^^\n  File \"/home/runner/work/cf-scripts/cf-scripts/cf-scripts/conda_forge_tick/rerender_feedstock.py\", line 49, in rerender_feedstock\n    return rerender_feedstock_containerized(\n           ^^^^^^^^^^^^^^^^^^^^^^^^^^^^^^^^^\n  File \"/home/runner/work/cf-scripts/cf-scripts/cf-scripts/conda_forge_tick/rerender_feedstock.py\", line 102, in rerender_feedstock_containerized\n    data = run_container_task(\n           ^^^^^^^^^^^^^^^^^^^\n  File \"/home/runner/work/cf-scripts/cf-scripts/cf-scripts/conda_forge_tick/utils.py\", line 249, in run_container_task\n    raise RuntimeError(\nRuntimeError: Error running rerender-feedstock in container - error RuntimeError('Failed to rerender.\\noutput: Adding in variants from internal_defaults\\nAdding in variants from /tmp/tmprqdqplik/conda-smithy/conda_build_config.yaml\\nAdding in variants from /tmp/tmp3tz1hb0y/rmm-feedstock/recipe/conda_build_config.yaml\\nINFO:conda_smithy.configure_feedstock:Downloading conda-forge-pinning-2024.06.05.08.51.24\\nINFO:conda_smithy.configure_feedstock:Extracting conda-forge-pinning to /tmp/tmprqdqplik/conda-smithy\\nINFO:conda_smithy.configure_feedstock:README rendering is skipped\\nINFO:conda_smithy.configure_feedstock:__pycache__ rendering is skipped\\nWARNING: Setting build platform. This is only useful when pretending to be on another platform, such as for rendering necessary dependencies on a non-native platform. I trust that you know what you\\'re doing.\\nWARNING: Setting build arch. This is only useful when pretending to be on another arch, such as for rendering necessary dependencies on a non-native arch. I trust that you know what you\\'re doing.\\nWARNING: No numpy version specified in conda_build_config.yaml.  Falling back to default numpy value of 1.23\\nTraceback (most recent call last):\\n  File \"/opt/conda/envs/cf-scripts/bin/conda-smithy\", line 10, in <module>\\n    sys.exit(main())\\n             ^^^^^^\\n  File \"/opt/conda/envs/cf-scripts/lib/python3.11/site-packages/conda_smithy/cli.py\", line 737, in main\\n    args.subcommand_func(args)\\n  File \"/opt/conda/envs/cf-scripts/lib/python3.11/site-packages/conda_smithy/cli.py\", line 586, in __call__\\n    self._call(args, args.temporary_directory)\\n  File \"/opt/conda/envs/cf-scripts/lib/python3.11/site-packages/conda_smithy/cli.py\", line 589, in _call\\n    configure_feedstock.main(\\n  File \"/opt/conda/envs/cf-scripts/lib/python3.11/site-packages/conda_smithy/configure_feedstock.py\", line 2744, in main\\n    render_travis(env, config, forge_dir, return_metadata=True)\\n  File \"/opt/conda/envs/cf-scripts/lib/python3.11/site-packages/conda_smithy/configure_feedstock.py\", line 1539, in render_travis\\n    return _render_ci_provider(\\n           ^^^^^^^^^^^^^^^^^^^^\\n  File \"/opt/conda/envs/cf-scripts/lib/python3.11/site-packages/conda_smithy/configure_feedstock.py\", line 1020, in _render_ci_provider\\n    ) = conda_build.variants.get_package_combined_spec(\\n        ^^^^^^^^^^^^^^^^^^^^^^^^^^^^^^^^^^^^^^^^^^^^^^^\\n  File \"/opt/conda/envs/cf-scripts/lib/python3.11/site-packages/conda_build/variants.py\", line 666, in get_package_combined_spec\\n    combined_spec = combine_specs(specs, log_output=config.verbose)\\n                    ^^^^^^^^^^^^^^^^^^^^^^^^^^^^^^^^^^^^^^^^^^^^^^^\\n  File \"/opt/conda/envs/cf-scripts/lib/python3.11/site-packages/conda_build/variants.py\", line 379, in combine_specs\\n    values = _combine_spec_dictionaries(\\n             ^^^^^^^^^^^^^^^^^^^^^^^^^^^\\n  File \"/opt/conda/envs/cf-scripts/lib/python3.11/site-packages/conda_build/variants.py\", line 344, in _combine_spec_dictionaries\\n    raise ValueError(\\nValueError: variant config in /tmp/tmp3tz1hb0y/rmm-feedstock/recipe/conda_build_config.yaml is ambiguous because it does not fully implement all zipped keys (missing [\\'c_stdlib_version\\']) or specifies a subspace that is not fully implemented (we did not find [\\'quay.io/condaforge/linux-anvil-aarch64-cuda:11.2\\'] from {\\'docker_image\\': [\\'quay.io/condaforge/linux-anvil-aarch64-cuda:11.2\\'], \\'c_compiler_version\\': [\\'9\\'], \\'cxx_compiler_version\\': [\\'9\\'], \\'fortran_compiler_version\\': [\\'9\\'], \\'cuda_compiler\\': [\\'nvcc\\'], \\'cuda_compiler_version\\': [\\'11.2\\'], \\'cudnn\\': [\\'undefined\\'], \\'cdt_name\\': [\\'cos7\\']} in docker_image:[\\'quay.io/condaforge/linux-anvil-aarch64\\', \\'quay.io/condaforge/linux-anvil-aarch64-cuda:11.8\\']).\\n\\n') raised:\ncmd: ['docker',\n 'run',\n '-e',\n 'CF_TICK_IN_CONTAINER=true',\n '--security-opt=no-new-privileges',\n '--read-only',\n '--cap-drop=all',\n '--mount',\n 'type=tmpfs,destination=/tmp,tmpfs-mode=1777,tmpfs-size=6000000000',\n '-m',\n '6000m',\n '--cpus',\n '1',\n '--ulimit',\n 'nofile=1024:1024',\n '--ulimit',\n 'nproc=2048:2048',\n '--rm',\n '-i',\n '--mount',\n 'type=bind,source=/tmp/tmp7p6bqaq_,destination=/cf_tick_dir',\n 'ghcr.io/regro/conda-forge-tick:master',\n '/opt/conda/envs/cf-scripts/bin/python',\n '-u',\n '/opt/autotick-bot/docker/run_bot_task.py',\n 'rerender-feedstock',\n '--timeout',\n '900',\n '--log-level',\n 'info']\nstdout: {'data': None,\n 'error': \"RuntimeError('Failed to rerender.\\\\noutput: Adding in variants from \"\n          'internal_defaults\\\\nAdding in variants from '\n          '/tmp/tmprqdqplik/conda-smithy/conda_build_config.yaml\\\\nAdding in '\n          'variants from '\n          '/tmp/tmp3tz1hb0y/rmm-feedstock/recipe/conda_build_config.yaml\\\\nINFO:conda_smithy.configure_feedstock:Downloading '\n          'conda-forge-pinning-2024.06.05.08.51.24\\\\nINFO:conda_smithy.configure_feedstock:Extracting '\n          'conda-forge-pinning to '\n          '/tmp/tmprqdqplik/conda-smithy\\\\nINFO:conda_smithy.configure_feedstock:README '\n          'rendering is '\n          'skipped\\\\nINFO:conda_smithy.configure_feedstock:__pycache__ '\n          'rendering is skipped\\\\nWARNING: Setting build platform. This is '\n          'only useful when pretending to be on another platform, such as for '\n          'rendering necessary dependencies on a non-native platform. I trust '\n          \"that you know what you\\\\'re doing.\\\\nWARNING: Setting build arch. \"\n          'This is only useful when pretending to be on another arch, such as '\n          'for rendering necessary dependencies on a non-native arch. I trust '\n          \"that you know what you\\\\'re doing.\\\\nWARNING: No numpy version \"\n          'specified in conda_build_config.yaml.  Falling back to default '\n          'numpy value of 1.23\\\\nTraceback (most recent call last):\\\\n  File '\n          '\"/opt/conda/envs/cf-scripts/bin/conda-smithy\", line 10, in '\n          '<module>\\\\n    sys.exit(main())\\\\n             ^^^^^^\\\\n  File '\n          '\"/opt/conda/envs/cf-scripts/lib/python3.11/site-packages/conda_smithy/cli.py\", '\n          'line 737, in main\\\\n    args.subcommand_func(args)\\\\n  File '\n          '\"/opt/conda/envs/cf-scripts/lib/python3.11/site-packages/conda_smithy/cli.py\", '\n          'line 586, in __call__\\\\n    self._call(args, '\n          'args.temporary_directory)\\\\n  File '\n          '\"/opt/conda/envs/cf-scripts/lib/python3.11/site-packages/conda_smithy/cli.py\", '\n          'line 589, in _call\\\\n    configure_feedstock.main(\\\\n  File '\n          '\"/opt/conda/envs/cf-scripts/lib/python3.11/site-packages/conda_smithy/configure_feedstock.py\", '\n          'line 2744, in main\\\\n    render_travis(env, config, forge_dir, '\n          'return_metadata=True)\\\\n  File '\n          '\"/opt/conda/envs/cf-scripts/lib/python3.11/site-packages/conda_smithy/configure_feedstock.py\", '\n          'line 1539, in render_travis\\\\n    return '\n          '_render_ci_provider(\\\\n           ^^^^^^^^^^^^^^^^^^^^\\\\n  File '\n          '\"/opt/conda/envs/cf-scripts/lib/python3.11/site-packages/conda_smithy/configure_feedstock.py\", '\n          'line 1020, in _render_ci_provider\\\\n    ) = '\n          'conda_build.variants.get_package_combined_spec(\\\\n        '\n          '^^^^^^^^^^^^^^^^^^^^^^^^^^^^^^^^^^^^^^^^^^^^^^^\\\\n  File '\n          '\"/opt/conda/envs/cf-scripts/lib/python3.11/site-packages/conda_build/variants.py\", '\n          'line 666, in get_package_combined_spec\\\\n    combined_spec = '\n          'combine_specs(specs, '\n          'log_output=config.verbose)\\\\n                    '\n          '^^^^^^^^^^^^^^^^^^^^^^^^^^^^^^^^^^^^^^^^^^^^^^^\\\\n  File '\n          '\"/opt/conda/envs/cf-scripts/lib/python3.11/site-packages/conda_build/variants.py\", '\n          'line 379, in combine_specs\\\\n    values = '\n          '_combine_spec_dictionaries(\\\\n             '\n          '^^^^^^^^^^^^^^^^^^^^^^^^^^^\\\\n  File '\n          '\"/opt/conda/envs/cf-scripts/lib/python3.11/site-packages/conda_build/variants.py\", '\n          'line 344, in _combine_spec_dictionaries\\\\n    raise '\n          'ValueError(\\\\nValueError: variant config in '\n          '/tmp/tmp3tz1hb0y/rmm-feedstock/recipe/conda_build_config.yaml is '\n          'ambiguous because it does not fully implement all zipped keys '\n          \"(missing [\\\\'c_stdlib_version\\\\']) or specifies a subspace that is \"\n          'not fully implemented (we did not find '\n          \"[\\\\'quay.io/condaforge/linux-anvil-aarch64-cuda:11.2\\\\'] from \"\n          \"{\\\\'docker_image\\\\': \"\n          \"[\\\\'quay.io/condaforge/linux-anvil-aarch64-cuda:11.2\\\\'], \"\n          \"\\\\'c_compiler_version\\\\': [\\\\'9\\\\'], \\\\'cxx_compiler_version\\\\': \"\n          \"[\\\\'9\\\\'], \\\\'fortran_compiler_version\\\\': [\\\\'9\\\\'], \"\n          \"\\\\'cuda_compiler\\\\': [\\\\'nvcc\\\\'], \\\\'cuda_compiler_version\\\\': \"\n          \"[\\\\'11.2\\\\'], \\\\'cudnn\\\\': [\\\\'undefined\\\\'], \\\\'cdt_name\\\\': \"\n          \"[\\\\'cos7\\\\']} in \"\n          \"docker_image:[\\\\'quay.io/condaforge/linux-anvil-aarch64\\\\', \"\n          \"\\\\'quay.io/condaforge/linux-anvil-aarch64-cuda:11.8\\\\']).\\\\n\\\\n')\",\n 'timeout': 900,\n 'traceback': 'Traceback (most recent call last):\\n'\n              '  File \"/opt/autotick-bot/docker/run_bot_task.py\", line 123, in '\n              '_run_bot_task\\n'\n              '    data = func(**kwargs)\\n'\n              '           ^^^^^^^^^^^^^^\\n'\n              '  File \"/opt/autotick-bot/docker/run_bot_task.py\", line 244, in '\n              '_rerender_feedstock\\n'\n              '    msg = rerender_feedstock_local(fs_dir, **kwargs)\\n'\n              '          ^^^^^^^^^^^^^^^^^^^^^^^^^^^^^^^^^^^^^^^^^^\\n'\n              '  File '\n              '\"/opt/autotick-bot/conda_forge_tick/rerender_feedstock.py\", '\n              'line 239, in rerender_feedstock_local\\n'\n              '    raise RuntimeError(f\"Failed to rerender.\\\\noutput: '\n              '{ret.stdout}\\\\n\")\\n'\n              'RuntimeError: Failed to rerender.\\n'\n              'output: Adding in variants from internal_defaults\\n'\n              'Adding in variants from '\n              '/tmp/tmprqdqplik/conda-smithy/conda_build_config.yaml\\n'\n              'Adding in variants from '\n              '/tmp/tmp3tz1hb0y/rmm-feedstock/recipe/conda_build_config.yaml\\n'\n              'INFO:conda_smithy.configure_feedstock:Downloading '\n              'conda-forge-pinning-2024.06.05.08.51.24\\n'\n              'INFO:conda_smithy.configure_feedstock:Extracting '\n              'conda-forge-pinning to /tmp/tmprqdqplik/conda-smithy\\n'\n              'INFO:conda_smithy.configure_feedstock:README rendering is '\n              'skipped\\n'\n              'INFO:conda_smithy.configure_feedstock:__pycache__ rendering is '\n              'skipped\\n'\n              'WARNING: Setting build platform. This is only useful when '\n              'pretending to be on another platform, such as for rendering '\n              'necessary dependencies on a non-native platform. I trust that '\n              \"you know what you're doing.\\n\"\n              'WARNING: Setting build arch. This is only useful when '\n              'pretending to be on another arch, such as for rendering '\n              'necessary dependencies on a non-native arch. I trust that you '\n              \"know what you're doing.\\n\"\n              'WARNING: No numpy version specified in '\n              'conda_build_config.yaml.  Falling back to default numpy value '\n              'of 1.23\\n'\n              'Traceback (most recent call last):\\n'\n              '  File \"/opt/conda/envs/cf-scripts/bin/conda-smithy\", line 10, '\n              'in <module>\\n'\n              '    sys.exit(main())\\n'\n              '             ^^^^^^\\n'\n              '  File '\n              '\"/opt/conda/envs/cf-scripts/lib/python3.11/site-packages/conda_smithy/cli.py\", '\n              'line 737, in main\\n'\n              '    args.subcommand_func(args)\\n'\n              '  File '\n              '\"/opt/conda/envs/cf-scripts/lib/python3.11/site-packages/conda_smithy/cli.py\", '\n              'line 586, in __call__\\n'\n              '    self._call(args, args.temporary_directory)\\n'\n              '  File '\n              '\"/opt/conda/envs/cf-scripts/lib/python3.11/site-packages/conda_smithy/cli.py\", '\n              'line 589, in _call\\n'\n              '    configure_feedstock.main(\\n'\n              '  File '\n              '\"/opt/conda/envs/cf-scripts/lib/python3.11/site-packages/conda_smithy/configure_feedstock.py\", '\n              'line 2744, in main\\n'\n              '    render_travis(env, config, forge_dir, '\n              'return_metadata=True)\\n'\n              '  File '\n              '\"/opt/conda/envs/cf-scripts/lib/python3.11/site-packages/conda_smithy/configure_feedstock.py\", '\n              'line 1539, in render_travis\\n'\n              '    return _render_ci_provider(\\n'\n              '           ^^^^^^^^^^^^^^^^^^^^\\n'\n              '  File '\n              '\"/opt/conda/envs/cf-scripts/lib/python3.11/site-packages/conda_smithy/configure_feedstock.py\", '\n              'line 1020, in _render_ci_provider\\n'\n              '    ) = conda_build.variants.get_package_combined_spec(\\n'\n              '        ^^^^^^^^^^^^^^^^^^^^^^^^^^^^^^^^^^^^^^^^^^^^^^^\\n'\n              '  File '\n              '\"/opt/conda/envs/cf-scripts/lib/python3.11/site-packages/conda_build/variants.py\", '\n              'line 666, in get_package_combined_spec\\n'\n              '    combined_spec = combine_specs(specs, '\n              'log_output=config.verbose)\\n'\n              '                    '\n              '^^^^^^^^^^^^^^^^^^^^^^^^^^^^^^^^^^^^^^^^^^^^^^^\\n'\n              '  File '\n              '\"/opt/conda/envs/cf-scripts/lib/python3.11/site-packages/conda_build/variants.py\", '\n              'line 379, in combine_specs\\n'\n              '    values = _combine_spec_dictionaries(\\n'\n              '             ^^^^^^^^^^^^^^^^^^^^^^^^^^^\\n'\n              '  File '\n              '\"/opt/conda/envs/cf-scripts/lib/python3.11/site-packages/conda_build/variants.py\", '\n              'line 344, in _combine_spec_dictionaries\\n'\n              '    raise ValueError(\\n'\n              'ValueError: variant config in '\n              '/tmp/tmp3tz1hb0y/rmm-feedstock/recipe/conda_build_config.yaml '\n              'is ambiguous because it does not fully implement all zipped '\n              \"keys (missing ['c_stdlib_version']) or specifies a subspace \"\n              'that is not fully implemented (we did not find '\n              \"['quay.io/condaforge/linux-anvil-aarch64-cuda:11.2'] from \"\n              \"{'docker_image': \"\n              \"['quay.io/condaforge/linux-anvil-aarch64-cuda:11.2'], \"\n              \"'c_compiler_version': ['9'], 'cxx_compiler_version': ['9'], \"\n              \"'fortran_compiler_version': ['9'], 'cuda_compiler': ['nvcc'], \"\n              \"'cuda_compiler_version': ['11.2'], 'cudnn': ['undefined'], \"\n              \"'cdt_name': ['cos7']} in \"\n              \"docker_image:['quay.io/condaforge/linux-anvil-aarch64', \"\n              \"'quay.io/condaforge/linux-anvil-aarch64-cuda:11.8']).\\n\"\n              '\\n'\n              '\\n'}\n",
    "24.06.00": "bot error (<a href=\"https://github.com/regro/cf-scripts/actions/runs/10025061166\">bot CI job</a>): main:\nError running rerender-feedstock in container - error RuntimeError raised:\n'Failed to rerender.\noutput: Adding in variants from internal_defaults\nAdding in variants from /tmp/tmpt0mlyvi2/conda-smithy/conda_build_config.yaml\nAdding in variants from /tmp/tmpzzfe0ihg/rmm-feedstock/recipe/conda_build_config.yaml\nINFO:conda_smithy.configure_feedstock:Downloading conda-forge-pinning-2024.07.19.18.26.47\nINFO:conda_smithy.configure_feedstock:Extracting conda-forge-pinning to /tmp/tmpt0mlyvi2/conda-smithy\nINFO:conda_smithy.configure_feedstock:__pycache__ rendering is skipped\nINFO:conda_smithy.configure_feedstock:README rendering is skipped\nWARNING: Setting build platform. This is only useful when pretending to be on another platform, such as for rendering necessary dependencies on a non-native platform. I trust that you know what you're doing.\nWARNING: Setting build arch. This is only useful when pretending to be on another arch, such as for rendering necessary dependencies on a non-native arch. I trust that you know what you're doing.\nWARNING: No numpy version specified in conda_build_config.yaml.  Falling back to default numpy value of 1.23\nTraceback (most recent call last):\n  File \"/opt/conda/envs/cf-scripts/bin/conda-smithy\", line 10, in <module>\n    sys.exit(main())\n             ^^^^^^\n  File \"/opt/conda/envs/cf-scripts/lib/python3.11/site-packages/conda_smithy/cli.py\", line 766, in main\n    args.subcommand_func(args)\n  File \"/opt/conda/envs/cf-scripts/lib/python3.11/site-packages/conda_smithy/cli.py\", line 610, in __call__\n    self._call(args, args.temporary_directory)\n  File \"/opt/conda/envs/cf-scripts/lib/python3.11/site-packages/conda_smithy/cli.py\", line 613, in _call\n    configure_feedstock.main(\n  File \"/opt/conda/envs/cf-scripts/lib/python3.11/site-packages/conda_smithy/configure_feedstock.py\", line 2798, in main\n    render_travis(env, config, forge_dir, return_metadata=True)\n  File \"/opt/conda/envs/cf-scripts/lib/python3.11/site-packages/conda_smithy/configure_feedstock.py\", line 1581, in render_travis\n    return _render_ci_provider(\n           ^^^^^^^^^^^^^^^^^^^^\n  File \"/opt/conda/envs/cf-scripts/lib/python3.11/site-packages/conda_smithy/configure_feedstock.py\", line 1032, in _render_ci_provider\n    ) = conda_build.variants.get_package_combined_spec(\n        ^^^^^^^^^^^^^^^^^^^^^^^^^^^^^^^^^^^^^^^^^^^^^^^\n  File \"/opt/conda/envs/cf-scripts/lib/python3.11/site-packages/conda_build/variants.py\", line 666, in get_package_combined_spec\n    combined_spec = combine_specs(specs, log_output=config.verbose)\n                    ^^^^^^^^^^^^^^^^^^^^^^^^^^^^^^^^^^^^^^^^^^^^^^^\n  File \"/opt/conda/envs/cf-scripts/lib/python3.11/site-packages/conda_build/variants.py\", line 379, in combine_specs\n    values = _combine_spec_dictionaries(\n             ^^^^^^^^^^^^^^^^^^^^^^^^^^^\n  File \"/opt/conda/envs/cf-scripts/lib/python3.11/site-packages/conda_build/variants.py\", line 344, in _combine_spec_dictionaries\n    raise ValueError(\nValueError: variant config in /tmp/tmpzzfe0ihg/rmm-feedstock/recipe/conda_build_config.yaml is ambiguous because it does not fully implement all zipped keys (missing ['c_stdlib_version']) or specifies a subspace that is not fully implemented (we did not find ['quay.io/condaforge/linux-anvil-aarch64-cuda:11.2'] from {'docker_image': ['quay.io/condaforge/linux-anvil-aarch64-cuda:11.2'], 'c_compiler_version': ['9'], 'cxx_compiler_version': ['9'], 'fortran_compiler_version': ['9'], 'cuda_compiler': ['nvcc'], 'cuda_compiler_version': ['11.2'], 'cudnn': ['undefined'], 'cdt_name': ['cos7']} in docker_image:['quay.io/condaforge/linux-anvil-aarch64', 'quay.io/condaforge/linux-anvil-aarch64-cuda:11.8']).\n\n'",
    "24.08.00": "bot error (<a href=\"https://github.com/regro/cf-scripts/actions/runs/10289539166\">bot CI job</a>): main:\nError running rerender-feedstock in container - error RuntimeError raised:\n'Failed to rerender.\noutput: Adding in variants from internal_defaults\nAdding in variants from /tmp/tmpkt53tjwd/conda-smithy/conda_build_config.yaml\nAdding in variants from /tmp/tmp6pkqwz4z/rmm-feedstock/recipe/conda_build_config.yaml\nINFO:conda_smithy.configure_feedstock:Downloading conda-forge-pinning-2024.08.07.16.47.35\nINFO:conda_smithy.configure_feedstock:Extracting conda-forge-pinning to /tmp/tmpkt53tjwd/conda-smithy\nINFO:conda_smithy.configure_feedstock:__pycache__ rendering is skipped\nINFO:conda_smithy.configure_feedstock:README rendering is skipped\nWARNING: Setting build platform. This is only useful when pretending to be on another platform, such as for rendering necessary dependencies on a non-native platform. I trust that you know what you're doing.\nWARNING: Setting build arch. This is only useful when pretending to be on another arch, such as for rendering necessary dependencies on a non-native arch. I trust that you know what you're doing.\nWARNING: No numpy version specified in conda_build_config.yaml.  Falling back to default numpy value of 1.23\nTraceback (most recent call last):\n  File \"/opt/conda/envs/cf-scripts/bin/conda-smithy\", line 10, in <module>\n    sys.exit(main())\n             ^^^^^^\n  File \"/opt/conda/envs/cf-scripts/lib/python3.11/site-packages/conda_smithy/cli.py\", line 756, in main\n    args.subcommand_func(args)\n  File \"/opt/conda/envs/cf-scripts/lib/python3.11/site-packages/conda_smithy/cli.py\", line 599, in __call__\n    self._call(args, args.temporary_directory)\n  File \"/opt/conda/envs/cf-scripts/lib/python3.11/site-packages/conda_smithy/cli.py\", line 602, in _call\n    configure_feedstock.main(\n  File \"/opt/conda/envs/cf-scripts/lib/python3.11/site-packages/conda_smithy/configure_feedstock.py\", line 2767, in main\n    render_travis(env, config, forge_dir, return_metadata=True)\n  File \"/opt/conda/envs/cf-scripts/lib/python3.11/site-packages/conda_smithy/configure_feedstock.py\", line 1539, in render_travis\n    return _render_ci_provider(\n           ^^^^^^^^^^^^^^^^^^^^\n  File \"/opt/conda/envs/cf-scripts/lib/python3.11/site-packages/conda_smithy/configure_feedstock.py\", line 995, in _render_ci_provider\n    ) = conda_build.variants.get_package_combined_spec(\n        ^^^^^^^^^^^^^^^^^^^^^^^^^^^^^^^^^^^^^^^^^^^^^^^\n  File \"/opt/conda/envs/cf-scripts/lib/python3.11/site-packages/conda_build/variants.py\", line 665, in get_package_combined_spec\n    combined_spec = combine_specs(specs, log_output=config.verbose)\n                    ^^^^^^^^^^^^^^^^^^^^^^^^^^^^^^^^^^^^^^^^^^^^^^^\n  File \"/opt/conda/envs/cf-scripts/lib/python3.11/site-packages/conda_build/variants.py\", line 378, in combine_specs\n    values = _combine_spec_dictionaries(\n             ^^^^^^^^^^^^^^^^^^^^^^^^^^^\n  File \"/opt/conda/envs/cf-scripts/lib/python3.11/site-packages/conda_build/variants.py\", line 343, in _combine_spec_dictionaries\n    raise ValueError(\nValueError: variant config in /tmp/tmp6pkqwz4z/rmm-feedstock/recipe/conda_build_config.yaml is ambiguous because it does not fully implement all zipped keys (missing ['c_stdlib_version']) or specifies a subspace that is not fully implemented (we did not find ['quay.io/condaforge/linux-anvil-aarch64-cuda:11.2'] from {'docker_image': ['quay.io/condaforge/linux-anvil-aarch64-cuda:11.2'], 'c_compiler_version': ['9'], 'cxx_compiler_version': ['9'], 'fortran_compiler_version': ['9'], 'cuda_compiler': ['nvcc'], 'cuda_compiler_version': ['11.2'], 'cudnn': ['undefined'], 'cdt_name': ['cos7']} in docker_image:['quay.io/condaforge/linux-anvil-aarch64', 'quay.io/condaforge/linux-anvil-aarch64-cuda:11.8']).\n\n'",
    "24.08.02": "bot error (<a href=\"https://github.com/regro/cf-scripts/actions/runs/11046563216\">bot CI job</a>): main:\nError running 'conda-forge-feedstock-ops-container rerender --log-level info --timeout 900' in container - error RuntimeError raised:\n'Failed to rerender.\noutput: Adding in variants from internal_defaults\nAdding in variants from /tmp/tmpufdeuh25/conda-smithy/conda_build_config.yaml\nAdding in variants from /tmp/tmpcv2oa_i0/rmm-feedstock/recipe/conda_build_config.yaml\nINFO:conda_smithy.configure_feedstock:Downloading conda-forge-pinning-2024.09.25.18.51.16\nINFO:conda_smithy.configure_feedstock:Extracting conda-forge-pinning to /tmp/tmpufdeuh25/conda-smithy\nINFO:conda_smithy.configure_feedstock:README rendering is skipped\nINFO:conda_smithy.configure_feedstock:__pycache__ rendering is skipped\nWARNING: Setting build platform. This is only useful when pretending to be on another platform, such as for rendering necessary dependencies on a non-native platform. I trust that you know what you're doing.\nWARNING: Setting build arch. This is only useful when pretending to be on another arch, such as for rendering necessary dependencies on a non-native arch. I trust that you know what you're doing.\nWARNING: No numpy version specified in conda_build_config.yaml.  Falling back to default numpy value of 1.23\nTraceback (most recent call last):\n  File \"/opt/conda/envs/cf-scripts/bin/conda-smithy\", line 10, in <module>\n    sys.exit(main())\n             ^^^^^^\n  File \"/opt/conda/envs/cf-scripts/lib/python3.11/site-packages/conda_smithy/cli.py\", line 758, in main\n    args.subcommand_func(args)\n  File \"/opt/conda/envs/cf-scripts/lib/python3.11/site-packages/conda_smithy/cli.py\", line 601, in __call__\n    self._call(args, args.temporary_directory)\n  File \"/opt/conda/envs/cf-scripts/lib/python3.11/site-packages/conda_smithy/cli.py\", line 604, in _call\n    configure_feedstock.main(\n  File \"/opt/conda/envs/cf-scripts/lib/python3.11/site-packages/conda_smithy/configure_feedstock.py\", line 2772, in main\n    render_travis(env, config, forge_dir, return_metadata=True)\n  File \"/opt/conda/envs/cf-scripts/lib/python3.11/site-packages/conda_smithy/configure_feedstock.py\", line 1544, in render_travis\n    return _render_ci_provider(\n           ^^^^^^^^^^^^^^^^^^^^\n  File \"/opt/conda/envs/cf-scripts/lib/python3.11/site-packages/conda_smithy/configure_feedstock.py\", line 1000, in _render_ci_provider\n    ) = conda_build.variants.get_package_combined_spec(\n        ^^^^^^^^^^^^^^^^^^^^^^^^^^^^^^^^^^^^^^^^^^^^^^^\n  File \"/opt/conda/envs/cf-scripts/lib/python3.11/site-packages/conda_build/variants.py\", line 665, in get_package_combined_spec\n    combined_spec = combine_specs(specs, log_output=config.verbose)\n                    ^^^^^^^^^^^^^^^^^^^^^^^^^^^^^^^^^^^^^^^^^^^^^^^\n  File \"/opt/conda/envs/cf-scripts/lib/python3.11/site-packages/conda_build/variants.py\", line 378, in combine_specs\n    values = _combine_spec_dictionaries(\n             ^^^^^^^^^^^^^^^^^^^^^^^^^^^\n  File \"/opt/conda/envs/cf-scripts/lib/python3.11/site-packages/conda_build/variants.py\", line 343, in _combine_spec_dictionaries\n    raise ValueError(\nValueError: variant config in /tmp/tmpcv2oa_i0/rmm-feedstock/recipe/conda_build_config.yaml is ambiguous because it does not fully implement all zipped keys (missing ['c_stdlib_version']) or specifies a subspace that is not fully implemented (we did not find ['quay.io/condaforge/linux-anvil-aarch64-cuda:11.2'] from {'docker_image': ['quay.io/condaforge/linux-anvil-aarch64-cuda:11.2'], 'c_compiler_version': ['9'], 'cxx_compiler_version': ['9'], 'fortran_compiler_version': ['9'], 'cuda_compiler': ['nvcc'], 'cuda_compiler_version': ['11.2'], 'cudnn': ['undefined'], 'cdt_name': ['cos7']} in docker_image:['quay.io/condaforge/linux-anvil-aarch64', 'quay.io/condaforge/linux-anvil-aarch64-cuda:11.8', 'quay.io/condaforge/linux-anvil-aarch64']).\n\n'",
    "24.10.00": "not solvable (<a href='https://github.com/regro/cf-scripts/actions/runs/11995692637'>bot CI job</a>) @ main\n        <details>\n        <div align=\"left\">\n        <pre>\n        linux_aarch64_python3.10.____cpython: Cannot solve the request because of: No candidates were found for librmm 24.10.0.*.\n</pre><pre>linux_aarch64_python3.11.____cpython: Cannot solve the request because of: No candidates were found for librmm 24.10.0.*.\n</pre><pre>linux_aarch64_python3.12.____cpython: Cannot solve the request because of: No candidates were found for librmm 24.10.0.*.\n</pre><pre>linux_aarch64_python3.9.____cpython: Cannot solve the request because of: No candidates were found for librmm 24.10.0.*.\n</pre><pre>linux_ppc64le_python3.10.____cpython: Cannot solve the request because of: No candidates were found for librmm 24.10.0.*.\n</pre><pre>linux_ppc64le_python3.11.____cpython: Cannot solve the request because of: No candidates were found for librmm 24.10.0.*.\n</pre><pre>linux_ppc64le_python3.12.____cpython: Cannot solve the request because of: No candidates were found for librmm 24.10.0.*.\n</pre><pre>linux_ppc64le_python3.9.____cpython: Cannot solve the request because of: No candidates were found for librmm 24.10.0.*.\n\n        </pre>\n        </div>\n        </details>",
    "24.12.00": "not solvable (<a href='https://github.com/regro/cf-scripts/actions/runs/12285071333'>bot CI job</a>) @ main\n        <details>\n        <div align=\"left\">\n        <pre>\n        linux_aarch64_python3.10.____cpython: Cannot solve the request because of: No candidates were found for librmm 24.12.0.*.\n</pre><pre>linux_aarch64_python3.11.____cpython: Cannot solve the request because of: No candidates were found for librmm 24.12.0.*.\n</pre><pre>linux_aarch64_python3.12.____cpython: Cannot solve the request because of: No candidates were found for librmm 24.12.0.*.\n</pre><pre>linux_aarch64_python3.9.____cpython: Cannot solve the request because of: No candidates were found for librmm 24.12.0.*.\n</pre><pre>linux_ppc64le_python3.10.____cpython: Cannot solve the request because of: No candidates were found for librmm 24.12.0.*.\n</pre><pre>linux_ppc64le_python3.11.____cpython: Cannot solve the request because of: No candidates were found for librmm 24.12.0.*.\n</pre><pre>linux_ppc64le_python3.12.____cpython: Cannot solve the request because of: No candidates were found for librmm 24.12.0.*.\n</pre><pre>linux_ppc64le_python3.9.____cpython: Cannot solve the request because of: No candidates were found for librmm 24.12.0.*.\n\n        </pre>\n        </div>\n        </details>"
  }
}