{
  "bad": false,
  "new_version": "9.6.0",
  "new_version_attempt_ts": {
    "8.0.26": 1758372795.0,
    "8.0.29": 1758376395.0,
    "8.0.30": 1758372075.0,
    "8.0.31": 1758383595.0,
    "8.0.32": 1758374235.0,
    "8.0.33": 1758373515.0,
    "8.1.0": 1758369915.0,
    "8.2.0": 1758356955.0,
    "8.3.0": 1758372795.0,
    "8.4.0": 1758250395.0,
    "9.0.0": 1758369195.0,
    "9.1.0": 1758041595.0,
    "9.2.0": 1757371995.0,
    "9.3.0": 1758246795.0,
    "9.6.0": 1769027774
  },
  "new_version_attempts": {
    "8.0.20": 1,
    "8.0.21": 1,
    "8.0.22": 1,
    "8.0.23": 2,
    "8.0.24": 2,
    "8.0.25": 1,
    "8.0.26": 5,
    "8.0.28": 1,
    "8.0.29": 4.0,
    "8.0.30": 5.200000000000002,
    "8.0.31": 1.9999999999999998,
    "8.0.32": 4.600000000000001,
    "8.0.33": 4.800000000000002,
    "8.1.0": 5.800000000000003,
    "8.2.0": 9.399999999999995,
    "8.3.0": 5.000000000000003,
    "8.4.0": 39,
    "9.0.0": 6,
    "9.1.0": 97,
    "9.2.0": 283,
    "9.3.0": 40,
    "9.6.0": 0.19999999999999996
  },
  "new_version_errors": {
    "8.0.26": "The recipe did not change in the version migration, a URL did not hash, or there is jinja2 syntax the bot cannot handle!\n\nPlease check the URLs in your recipe with version '8.0.26' to make sure they exist!\n\nWe also found the following errors:\n\n - migrations do not work on `git_url`s\n",
    "8.0.29": "not solvable (<a href=\"https://github.com/regro/autotick-bot/actions/runs/2248865217\">bot CI job</a>): main: [\"TypeError('__init__(): incompatible constructor arguments. The following argument types are supported:\\\\n    1. libmambapy.bindings.Transaction(arg0: mamba::MSolver, arg1: libmambapy.bindings.MultiPackageCache, arg2: List[libmambapy.bindings.Repo])\\\\n\\\\nInvoked with: <libmambapy.bindings.Solver object at 0x7f6e8e238330>, <libmambapy.bindings.MultiPackageCache object at 0x7f6f2346c070>')\"]",
    "8.0.30": "not solvable (<a href=\"https://github.com/regro/autotick-bot/actions/runs/2780883216\">bot CI job</a>): main: ['linux_64_python3.10.____cpython: Encountered problems while solving:\\n  - nothing provides requested mysql-devel 8.0.30.*\\n', 'linux_64_python3.7.____cpython: Encountered problems while solving:\\n  - nothing provides requested mysql-devel 8.0.30.*\\n', 'linux_64_python3.8.____73_pypy: Encountered problems while solving:\\n  - nothing provides requested mysql-devel 8.0.30.*\\n', 'linux_64_python3.8.____cpython: Encountered problems while solving:\\n  - nothing provides requested mysql-devel 8.0.30.*\\n', 'linux_64_python3.9.____73_pypy: Encountered problems while solving:\\n  - nothing provides requested mysql-devel 8.0.30.*\\n', 'linux_64_python3.9.____cpython: Encountered problems while solving:\\n  - nothing provides requested mysql-devel 8.0.30.*\\n', 'linux_aarch64_python3.10.____cpython: Encountered problems while solving:\\n  - nothing provides requested mysql-devel 8.0.30.*\\n', 'linux_aarch64_python3.7.____cpython: Encountered problems while solving:\\n  - nothing provides requested mysql-devel 8.0.30.*\\n', 'linux_aarch64_python3.8.____73_pypy: Encountered problems while solving:\\n  - nothing provides requested mysql-devel 8.0.30.*\\n', 'linux_aarch64_python3.8.____cpython: Encountered problems while solving:\\n  - nothing provides requested mysql-devel 8.0.30.*\\n', 'linux_aarch64_python3.9.____73_pypy: Encountered problems while solving:\\n  - nothing provides requested mysql-devel 8.0.30.*\\n', 'linux_aarch64_python3.9.____cpython: Encountered problems while solving:\\n  - nothing provides requested mysql-devel 8.0.30.*\\n', 'osx_64_python3.10.____cpython: Encountered problems while solving:\\n  - nothing provides requested mysql-devel 8.0.30.*\\n', 'osx_64_python3.7.____cpython: Encountered problems while solving:\\n  - nothing provides requested mysql-devel 8.0.30.*\\n', 'osx_64_python3.8.____73_pypy: Encountered problems while solving:\\n  - nothing provides requested mysql-devel 8.0.30.*\\n', 'osx_64_python3.8.____cpython: Encountered problems while solving:\\n  - nothing provides requested mysql-devel 8.0.30.*\\n', 'osx_64_python3.9.____73_pypy: Encountered problems while solving:\\n  - nothing provides requested mysql-devel 8.0.30.*\\n', 'osx_64_python3.9.____cpython: Encountered problems while solving:\\n  - nothing provides requested mysql-devel 8.0.30.*\\n', 'osx_arm64_python3.10.____cpython: Encountered problems while solving:\\n  - nothing provides requested mysql-devel 8.0.30.*\\n', 'osx_arm64_python3.8.____cpython: Encountered problems while solving:\\n  - nothing provides requested mysql-devel 8.0.30.*\\n', 'osx_arm64_python3.9.____cpython: Encountered problems while solving:\\n  - nothing provides requested mysql-devel 8.0.30.*\\n', 'win_64_python3.10.____cpython: Encountered problems while solving:\\n  - nothing provides requested mysql-devel 8.0.30.*\\n', 'win_64_python3.7.____cpython: Encountered problems while solving:\\n  - nothing provides requested mysql-devel 8.0.30.*\\n', 'win_64_python3.8.____73_pypy: Encountered problems while solving:\\n  - nothing provides requested mysql-devel 8.0.30.*\\n', 'win_64_python3.8.____cpython: Encountered problems while solving:\\n  - nothing provides requested mysql-devel 8.0.30.*\\n', 'win_64_python3.9.____73_pypy: Encountered problems while solving:\\n  - nothing provides requested mysql-devel 8.0.30.*\\n', 'win_64_python3.9.____cpython: Encountered problems while solving:\\n  - nothing provides requested mysql-devel 8.0.30.*\\n']",
    "8.0.31": "not solvable (<a href=\"https://github.com/regro/autotick-bot/actions/runs/3233209045\">bot CI job</a>): main: ['linux_64_python3.10.____cpython: Encountered problems while solving:\\n  - nothing provides requested mysql-devel 8.0.31.*\\n', 'linux_64_python3.7.____cpython: Encountered problems while solving:\\n  - nothing provides requested mysql-devel 8.0.31.*\\n', 'linux_64_python3.8.____73_pypy: Encountered problems while solving:\\n  - nothing provides requested mysql-devel 8.0.31.*\\n', 'linux_64_python3.8.____cpython: Encountered problems while solving:\\n  - nothing provides requested mysql-devel 8.0.31.*\\n', 'linux_64_python3.9.____73_pypy: Encountered problems while solving:\\n  - nothing provides requested mysql-devel 8.0.31.*\\n', 'linux_64_python3.9.____cpython: Encountered problems while solving:\\n  - nothing provides requested mysql-devel 8.0.31.*\\n', 'linux_aarch64_python3.10.____cpython: Encountered problems while solving:\\n  - nothing provides requested mysql-devel 8.0.31.*\\n', 'linux_aarch64_python3.7.____cpython: Encountered problems while solving:\\n  - nothing provides requested mysql-devel 8.0.31.*\\n', 'linux_aarch64_python3.8.____73_pypy: Encountered problems while solving:\\n  - nothing provides requested mysql-devel 8.0.31.*\\n', 'linux_aarch64_python3.8.____cpython: Encountered problems while solving:\\n  - nothing provides requested mysql-devel 8.0.31.*\\n', 'linux_aarch64_python3.9.____73_pypy: Encountered problems while solving:\\n  - nothing provides requested mysql-devel 8.0.31.*\\n', 'linux_aarch64_python3.9.____cpython: Encountered problems while solving:\\n  - nothing provides requested mysql-devel 8.0.31.*\\n', 'osx_64_python3.10.____cpython: Encountered problems while solving:\\n  - nothing provides requested mysql-devel 8.0.31.*\\n', 'osx_64_python3.7.____cpython: Encountered problems while solving:\\n  - nothing provides requested mysql-devel 8.0.31.*\\n', 'osx_64_python3.8.____73_pypy: Encountered problems while solving:\\n  - nothing provides requested mysql-devel 8.0.31.*\\n', 'osx_64_python3.8.____cpython: Encountered problems while solving:\\n  - nothing provides requested mysql-devel 8.0.31.*\\n', 'osx_64_python3.9.____73_pypy: Encountered problems while solving:\\n  - nothing provides requested mysql-devel 8.0.31.*\\n', 'osx_64_python3.9.____cpython: Encountered problems while solving:\\n  - nothing provides requested mysql-devel 8.0.31.*\\n', 'osx_arm64_python3.10.____cpython: Encountered problems while solving:\\n  - nothing provides requested mysql-devel 8.0.31.*\\n', 'osx_arm64_python3.8.____cpython: Encountered problems while solving:\\n  - nothing provides requested mysql-devel 8.0.31.*\\n', 'osx_arm64_python3.9.____cpython: Encountered problems while solving:\\n  - nothing provides requested mysql-devel 8.0.31.*\\n', 'win_64_python3.10.____cpython: Encountered problems while solving:\\n  - nothing provides requested mysql-devel 8.0.31.*\\n', 'win_64_python3.7.____cpython: Encountered problems while solving:\\n  - nothing provides requested mysql-devel 8.0.31.*\\n', 'win_64_python3.8.____73_pypy: Encountered problems while solving:\\n  - nothing provides requested mysql-devel 8.0.31.*\\n', 'win_64_python3.8.____cpython: Encountered problems while solving:\\n  - nothing provides requested mysql-devel 8.0.31.*\\n', 'win_64_python3.9.____73_pypy: Encountered problems while solving:\\n  - nothing provides requested mysql-devel 8.0.31.*\\n', 'win_64_python3.9.____cpython: Encountered problems while solving:\\n  - nothing provides requested mysql-devel 8.0.31.*\\n']",
    "8.0.32": "not solvable (<a href=\"https://github.com/regro/autotick-bot/actions/runs/4155155753\">bot CI job</a>): main: ['osx_64_python3.10.____cpython: Encountered problems while solving:\\n  - nothing provides requested mysql-devel 8.0.32.*\\n', 'osx_64_python3.11.____cpython: Encountered problems while solving:\\n  - nothing provides requested mysql-devel 8.0.32.*\\n', 'osx_64_python3.8.____73_pypy: Encountered problems while solving:\\n  - nothing provides requested mysql-devel 8.0.32.*\\n', 'osx_64_python3.8.____cpython: Encountered problems while solving:\\n  - nothing provides requested mysql-devel 8.0.32.*\\n', 'osx_64_python3.9.____73_pypy: Encountered problems while solving:\\n  - nothing provides requested mysql-devel 8.0.32.*\\n', 'osx_64_python3.9.____cpython: Encountered problems while solving:\\n  - nothing provides requested mysql-devel 8.0.32.*\\n', 'osx_arm64_python3.10.____cpython: Encountered problems while solving:\\n  - nothing provides requested mysql-devel 8.0.32.*\\n', 'osx_arm64_python3.11.____cpython: Encountered problems while solving:\\n  - nothing provides requested mysql-devel 8.0.32.*\\n', 'osx_arm64_python3.8.____cpython: Encountered problems while solving:\\n  - nothing provides requested mysql-devel 8.0.32.*\\n', 'osx_arm64_python3.9.____cpython: Encountered problems while solving:\\n  - nothing provides requested mysql-devel 8.0.32.*\\n', 'win_64_python3.10.____cpython: Encountered problems while solving:\\n  - nothing provides requested mysql-devel 8.0.32.*\\n', 'win_64_python3.11.____cpython: Encountered problems while solving:\\n  - nothing provides requested mysql-devel 8.0.32.*\\n', 'win_64_python3.8.____73_pypy: Encountered problems while solving:\\n  - nothing provides requested mysql-devel 8.0.32.*\\n', 'win_64_python3.8.____cpython: Encountered problems while solving:\\n  - nothing provides requested mysql-devel 8.0.32.*\\n', 'win_64_python3.9.____73_pypy: Encountered problems while solving:\\n  - nothing provides requested mysql-devel 8.0.32.*\\n', 'win_64_python3.9.____cpython: Encountered problems while solving:\\n  - nothing provides requested mysql-devel 8.0.32.*\\n']",
    "8.0.33": "not solvable (<a href=\"https://github.com/regro/cf-scripts/actions/runs/5203971180\">bot CI job</a>): main: ['linux_64_python3.10.____cpython: Encountered problems while solving:\\n  - nothing provides requested mysql-devel 8.0.33.*\\n', 'linux_64_python3.11.____cpython: Encountered problems while solving:\\n  - nothing provides requested mysql-devel 8.0.33.*\\n', 'linux_64_python3.8.____73_pypy: Encountered problems while solving:\\n  - nothing provides requested mysql-devel 8.0.33.*\\n', 'linux_64_python3.8.____cpython: Encountered problems while solving:\\n  - nothing provides requested mysql-devel 8.0.33.*\\n', 'linux_64_python3.9.____73_pypy: Encountered problems while solving:\\n  - nothing provides requested mysql-devel 8.0.33.*\\n', 'linux_64_python3.9.____cpython: Encountered problems while solving:\\n  - nothing provides requested mysql-devel 8.0.33.*\\n', 'linux_aarch64_python3.10.____cpython: Encountered problems while solving:\\n  - nothing provides requested mysql-devel 8.0.33.*\\n', 'linux_aarch64_python3.11.____cpython: Encountered problems while solving:\\n  - nothing provides requested mysql-devel 8.0.33.*\\n', 'linux_aarch64_python3.8.____73_pypy: Encountered problems while solving:\\n  - nothing provides requested mysql-devel 8.0.33.*\\n', 'linux_aarch64_python3.8.____cpython: Encountered problems while solving:\\n  - nothing provides requested mysql-devel 8.0.33.*\\n', 'linux_aarch64_python3.9.____73_pypy: Encountered problems while solving:\\n  - nothing provides requested mysql-devel 8.0.33.*\\n', 'linux_aarch64_python3.9.____cpython: Encountered problems while solving:\\n  - nothing provides requested mysql-devel 8.0.33.*\\n', 'linux_ppc64le_python3.10.____cpython: Encountered problems while solving:\\n  - nothing provides requested mysql-devel 8.0.33.*\\n', 'linux_ppc64le_python3.11.____cpython: Encountered problems while solving:\\n  - nothing provides requested mysql-devel 8.0.33.*\\n', 'linux_ppc64le_python3.8.____73_pypy: Encountered problems while solving:\\n  - nothing provides requested mysql-devel 8.0.33.*\\n', 'linux_ppc64le_python3.8.____cpython: Encountered problems while solving:\\n  - nothing provides requested mysql-devel 8.0.33.*\\n', 'linux_ppc64le_python3.9.____73_pypy: Encountered problems while solving:\\n  - nothing provides requested mysql-devel 8.0.33.*\\n', 'linux_ppc64le_python3.9.____cpython: Encountered problems while solving:\\n  - nothing provides requested mysql-devel 8.0.33.*\\n', 'osx_64_python3.10.____cpython: Encountered problems while solving:\\n  - nothing provides requested mysql-devel 8.0.33.*\\n', 'osx_64_python3.11.____cpython: Encountered problems while solving:\\n  - nothing provides requested mysql-devel 8.0.33.*\\n', 'osx_64_python3.8.____73_pypy: Encountered problems while solving:\\n  - nothing provides requested mysql-devel 8.0.33.*\\n', 'osx_64_python3.8.____cpython: Encountered problems while solving:\\n  - nothing provides requested mysql-devel 8.0.33.*\\n', 'osx_64_python3.9.____73_pypy: Encountered problems while solving:\\n  - nothing provides requested mysql-devel 8.0.33.*\\n', 'osx_64_python3.9.____cpython: Encountered problems while solving:\\n  - nothing provides requested mysql-devel 8.0.33.*\\n', 'osx_arm64_python3.10.____cpython: Encountered problems while solving:\\n  - nothing provides requested mysql-devel 8.0.33.*\\n', 'osx_arm64_python3.11.____cpython: Encountered problems while solving:\\n  - nothing provides requested mysql-devel 8.0.33.*\\n', 'osx_arm64_python3.8.____cpython: Encountered problems while solving:\\n  - nothing provides requested mysql-devel 8.0.33.*\\n', 'osx_arm64_python3.9.____cpython: Encountered problems while solving:\\n  - nothing provides requested mysql-devel 8.0.33.*\\n', 'win_64_python3.10.____cpython: Encountered problems while solving:\\n  - nothing provides requested mysql-devel 8.0.33.*\\n', 'win_64_python3.11.____cpython: Encountered problems while solving:\\n  - nothing provides requested mysql-devel 8.0.33.*\\n', 'win_64_python3.8.____73_pypy: Encountered problems while solving:\\n  - nothing provides requested mysql-devel 8.0.33.*\\n', 'win_64_python3.8.____cpython: Encountered problems while solving:\\n  - nothing provides requested mysql-devel 8.0.33.*\\n', 'win_64_python3.9.____73_pypy: Encountered problems while solving:\\n  - nothing provides requested mysql-devel 8.0.33.*\\n', 'win_64_python3.9.____cpython: Encountered problems while solving:\\n  - nothing provides requested mysql-devel 8.0.33.*\\n']",
    "8.1.0": "not solvable (<a href='https://github.com/regro/cf-scripts/actions/runs/6603211220'>bot CI job</a>) @ main\n                <details>\n                <div align=\"left\">\n                <pre>\n                linux_64_python3.10.____cpython: Could not solve for environment specs\nThe following package could not be installed\n└─ mysql-devel 8.1.0.*  does not exist (perhaps a typo or a missing channel).</pre><pre>linux_64_python3.11.____cpython: Could not solve for environment specs\nThe following package could not be installed\n└─ mysql-devel 8.1.0.*  does not exist (perhaps a typo or a missing channel).</pre><pre>linux_64_python3.8.____cpython: Could not solve for environment specs\nThe following package could not be installed\n└─ mysql-devel 8.1.0.*  does not exist (perhaps a typo or a missing channel).</pre><pre>linux_64_python3.9.____73_pypy: Could not solve for environment specs\nThe following package could not be installed\n└─ mysql-devel 8.1.0.*  does not exist (perhaps a typo or a missing channel).</pre><pre>linux_64_python3.9.____cpython: Could not solve for environment specs\nThe following package could not be installed\n└─ mysql-devel 8.1.0.*  does not exist (perhaps a typo or a missing channel).</pre><pre>linux_aarch64_python3.10.____cpython: Could not solve for environment specs\nThe following package could not be installed\n└─ mysql-devel 8.1.0.*  does not exist (perhaps a typo or a missing channel).</pre><pre>linux_aarch64_python3.11.____cpython: Could not solve for environment specs\nThe following package could not be installed\n└─ mysql-devel 8.1.0.*  does not exist (perhaps a typo or a missing channel).</pre><pre>linux_aarch64_python3.8.____cpython: Could not solve for environment specs\nThe following package could not be installed\n└─ mysql-devel 8.1.0.*  does not exist (perhaps a typo or a missing channel).</pre><pre>linux_aarch64_python3.9.____73_pypy: Could not solve for environment specs\nThe following package could not be installed\n└─ mysql-devel 8.1.0.*  does not exist (perhaps a typo or a missing channel).</pre><pre>linux_aarch64_python3.9.____cpython: Could not solve for environment specs\nThe following package could not be installed\n└─ mysql-devel 8.1.0.*  does not exist (perhaps a typo or a missing channel).</pre><pre>linux_ppc64le_python3.10.____cpython: Could not solve for environment specs\nThe following package could not be installed\n└─ mysql-devel 8.1.0.*  does not exist (perhaps a typo or a missing channel).</pre><pre>linux_ppc64le_python3.11.____cpython: Could not solve for environment specs\nThe following package could not be installed\n└─ mysql-devel 8.1.0.*  does not exist (perhaps a typo or a missing channel).</pre><pre>linux_ppc64le_python3.8.____cpython: Could not solve for environment specs\nThe following package could not be installed\n└─ mysql-devel 8.1.0.*  does not exist (perhaps a typo or a missing channel).</pre><pre>linux_ppc64le_python3.9.____73_pypy: Could not solve for environment specs\nThe following package could not be installed\n└─ mysql-devel 8.1.0.*  does not exist (perhaps a typo or a missing channel).</pre><pre>linux_ppc64le_python3.9.____cpython: Could not solve for environment specs\nThe following package could not be installed\n└─ mysql-devel 8.1.0.*  does not exist (perhaps a typo or a missing channel).</pre><pre>osx_64_python3.10.____cpython: Could not solve for environment specs\nThe following package could not be installed\n└─ mysql-devel 8.1.0.*  does not exist (perhaps a typo or a missing channel).</pre><pre>osx_64_python3.11.____cpython: Could not solve for environment specs\nThe following package could not be installed\n└─ mysql-devel 8.1.0.*  does not exist (perhaps a typo or a missing channel).</pre><pre>osx_64_python3.8.____cpython: Could not solve for environment specs\nThe following package could not be installed\n└─ mysql-devel 8.1.0.*  does not exist (perhaps a typo or a missing channel).</pre><pre>osx_64_python3.9.____73_pypy: Could not solve for environment specs\nThe following package could not be installed\n└─ mysql-devel 8.1.0.*  does not exist (perhaps a typo or a missing channel).</pre><pre>osx_64_python3.9.____cpython: Could not solve for environment specs\nThe following package could not be installed\n└─ mysql-devel 8.1.0.*  does not exist (perhaps a typo or a missing channel).</pre><pre>osx_arm64_python3.10.____cpython: Could not solve for environment specs\nThe following package could not be installed\n└─ mysql-devel 8.1.0.*  does not exist (perhaps a typo or a missing channel).</pre><pre>osx_arm64_python3.11.____cpython: Could not solve for environment specs\nThe following package could not be installed\n└─ mysql-devel 8.1.0.*  does not exist (perhaps a typo or a missing channel).</pre><pre>osx_arm64_python3.8.____cpython: Could not solve for environment specs\nThe following package could not be installed\n└─ mysql-devel 8.1.0.*  does not exist (perhaps a typo or a missing channel).</pre><pre>osx_arm64_python3.9.____cpython: Could not solve for environment specs\nThe following package could not be installed\n└─ mysql-devel 8.1.0.*  does not exist (perhaps a typo or a missing channel).</pre><pre>win_64_python3.10.____cpython: Could not solve for environment specs\nThe following package could not be installed\n└─ mysql-devel 8.1.0.*  does not exist (perhaps a typo or a missing channel).</pre><pre>win_64_python3.11.____cpython: Could not solve for environment specs\nThe following package could not be installed\n└─ mysql-devel 8.1.0.*  does not exist (perhaps a typo or a missing channel).</pre><pre>win_64_python3.8.____cpython: Could not solve for environment specs\nThe following package could not be installed\n└─ mysql-devel 8.1.0.*  does not exist (perhaps a typo or a missing channel).</pre><pre>win_64_python3.9.____73_pypy: Could not solve for environment specs\nThe following package could not be installed\n└─ mysql-devel 8.1.0.*  does not exist (perhaps a typo or a missing channel).</pre><pre>win_64_python3.9.____cpython: Could not solve for environment specs\nThe following package could not be installed\n└─ mysql-devel 8.1.0.*  does not exist (perhaps a typo or a missing channel).\n                </pre>\n                </div>\n                </details>",
    "8.2.0": "not solvable (<a href='https://github.com/regro/cf-scripts/actions/runs/7522434066'>bot CI job</a>) @ main\n                <details>\n                <div align=\"left\">\n                <pre>\n                linux_64_python3.10.____cpython: Could not solve for environment specs\nThe following package could not be installed\n└─ mysql-devel 8.2.0.*  does not exist (perhaps a typo or a missing channel).</pre><pre>linux_64_python3.11.____cpython: Could not solve for environment specs\nThe following package could not be installed\n└─ mysql-devel 8.2.0.*  does not exist (perhaps a typo or a missing channel).</pre><pre>linux_64_python3.8.____cpython: Could not solve for environment specs\nThe following package could not be installed\n└─ mysql-devel 8.2.0.*  does not exist (perhaps a typo or a missing channel).</pre><pre>linux_64_python3.9.____73_pypy: Could not solve for environment specs\nThe following package could not be installed\n└─ mysql-devel 8.2.0.*  does not exist (perhaps a typo or a missing channel).</pre><pre>linux_64_python3.9.____cpython: Could not solve for environment specs\nThe following package could not be installed\n└─ mysql-devel 8.2.0.*  does not exist (perhaps a typo or a missing channel).</pre><pre>linux_aarch64_python3.10.____cpython: Could not solve for environment specs\nThe following package could not be installed\n└─ mysql-devel 8.2.0.*  does not exist (perhaps a typo or a missing channel).</pre><pre>linux_aarch64_python3.11.____cpython: Could not solve for environment specs\nThe following package could not be installed\n└─ mysql-devel 8.2.0.*  does not exist (perhaps a typo or a missing channel).</pre><pre>linux_aarch64_python3.8.____cpython: Could not solve for environment specs\nThe following package could not be installed\n└─ mysql-devel 8.2.0.*  does not exist (perhaps a typo or a missing channel).</pre><pre>linux_aarch64_python3.9.____73_pypy: Could not solve for environment specs\nThe following package could not be installed\n└─ mysql-devel 8.2.0.*  does not exist (perhaps a typo or a missing channel).</pre><pre>linux_aarch64_python3.9.____cpython: Could not solve for environment specs\nThe following package could not be installed\n└─ mysql-devel 8.2.0.*  does not exist (perhaps a typo or a missing channel).</pre><pre>linux_ppc64le_python3.10.____cpython: Could not solve for environment specs\nThe following package could not be installed\n└─ mysql-devel 8.2.0.*  does not exist (perhaps a typo or a missing channel).</pre><pre>linux_ppc64le_python3.11.____cpython: Could not solve for environment specs\nThe following package could not be installed\n└─ mysql-devel 8.2.0.*  does not exist (perhaps a typo or a missing channel).</pre><pre>linux_ppc64le_python3.8.____cpython: Could not solve for environment specs\nThe following package could not be installed\n└─ mysql-devel 8.2.0.*  does not exist (perhaps a typo or a missing channel).</pre><pre>linux_ppc64le_python3.9.____73_pypy: Could not solve for environment specs\nThe following package could not be installed\n└─ mysql-devel 8.2.0.*  does not exist (perhaps a typo or a missing channel).</pre><pre>linux_ppc64le_python3.9.____cpython: Could not solve for environment specs\nThe following package could not be installed\n└─ mysql-devel 8.2.0.*  does not exist (perhaps a typo or a missing channel).</pre><pre>osx_64_python3.10.____cpython: Could not solve for environment specs\nThe following package could not be installed\n└─ mysql-devel 8.2.0.*  does not exist (perhaps a typo or a missing channel).</pre><pre>osx_64_python3.11.____cpython: Could not solve for environment specs\nThe following package could not be installed\n└─ mysql-devel 8.2.0.*  does not exist (perhaps a typo or a missing channel).</pre><pre>osx_64_python3.8.____cpython: Could not solve for environment specs\nThe following package could not be installed\n└─ mysql-devel 8.2.0.*  does not exist (perhaps a typo or a missing channel).</pre><pre>osx_64_python3.9.____73_pypy: Could not solve for environment specs\nThe following package could not be installed\n└─ mysql-devel 8.2.0.*  does not exist (perhaps a typo or a missing channel).</pre><pre>osx_64_python3.9.____cpython: Could not solve for environment specs\nThe following package could not be installed\n└─ mysql-devel 8.2.0.*  does not exist (perhaps a typo or a missing channel).</pre><pre>osx_arm64_python3.10.____cpython: Could not solve for environment specs\nThe following package could not be installed\n└─ mysql-devel 8.2.0.*  does not exist (perhaps a typo or a missing channel).</pre><pre>osx_arm64_python3.11.____cpython: Could not solve for environment specs\nThe following package could not be installed\n└─ mysql-devel 8.2.0.*  does not exist (perhaps a typo or a missing channel).</pre><pre>osx_arm64_python3.8.____cpython: Could not solve for environment specs\nThe following package could not be installed\n└─ mysql-devel 8.2.0.*  does not exist (perhaps a typo or a missing channel).</pre><pre>osx_arm64_python3.9.____cpython: Could not solve for environment specs\nThe following package could not be installed\n└─ mysql-devel 8.2.0.*  does not exist (perhaps a typo or a missing channel).</pre><pre>win_64_python3.10.____cpython: Could not solve for environment specs\nThe following package could not be installed\n└─ mysql-devel 8.2.0.*  does not exist (perhaps a typo or a missing channel).</pre><pre>win_64_python3.11.____cpython: Could not solve for environment specs\nThe following package could not be installed\n└─ mysql-devel 8.2.0.*  does not exist (perhaps a typo or a missing channel).</pre><pre>win_64_python3.8.____cpython: Could not solve for environment specs\nThe following package could not be installed\n└─ mysql-devel 8.2.0.*  does not exist (perhaps a typo or a missing channel).</pre><pre>win_64_python3.9.____73_pypy: Could not solve for environment specs\nThe following package could not be installed\n└─ mysql-devel 8.2.0.*  does not exist (perhaps a typo or a missing channel).</pre><pre>win_64_python3.9.____cpython: Could not solve for environment specs\nThe following package could not be installed\n└─ mysql-devel 8.2.0.*  does not exist (perhaps a typo or a missing channel).\n                </pre>\n                </div>\n                </details>",
    "8.3.0": "not solvable (<a href='https://github.com/regro/cf-scripts/actions/runs/7955555187'>bot CI job</a>) @ main\n                <details>\n                <div align=\"left\">\n                <pre>\n                linux_64_python3.10.____cpython: Could not solve for environment specs\nThe following package could not be installed\n└─ mysql-devel 8.3.0.*  does not exist (perhaps a typo or a missing channel).</pre><pre>linux_64_python3.11.____cpython: Could not solve for environment specs\nThe following package could not be installed\n└─ mysql-devel 8.3.0.*  does not exist (perhaps a typo or a missing channel).</pre><pre>linux_64_python3.8.____cpython: Could not solve for environment specs\nThe following package could not be installed\n└─ mysql-devel 8.3.0.*  does not exist (perhaps a typo or a missing channel).</pre><pre>linux_64_python3.9.____73_pypy: Could not solve for environment specs\nThe following package could not be installed\n└─ mysql-devel 8.3.0.*  does not exist (perhaps a typo or a missing channel).</pre><pre>linux_64_python3.9.____cpython: Could not solve for environment specs\nThe following package could not be installed\n└─ mysql-devel 8.3.0.*  does not exist (perhaps a typo or a missing channel).</pre><pre>linux_aarch64_python3.10.____cpython: Could not solve for environment specs\nThe following package could not be installed\n└─ mysql-devel 8.3.0.*  does not exist (perhaps a typo or a missing channel).</pre><pre>linux_aarch64_python3.11.____cpython: Could not solve for environment specs\nThe following package could not be installed\n└─ mysql-devel 8.3.0.*  does not exist (perhaps a typo or a missing channel).</pre><pre>linux_aarch64_python3.8.____cpython: Could not solve for environment specs\nThe following package could not be installed\n└─ mysql-devel 8.3.0.*  does not exist (perhaps a typo or a missing channel).</pre><pre>linux_aarch64_python3.9.____73_pypy: Could not solve for environment specs\nThe following package could not be installed\n└─ mysql-devel 8.3.0.*  does not exist (perhaps a typo or a missing channel).</pre><pre>linux_aarch64_python3.9.____cpython: Could not solve for environment specs\nThe following package could not be installed\n└─ mysql-devel 8.3.0.*  does not exist (perhaps a typo or a missing channel).</pre><pre>linux_ppc64le_python3.10.____cpython: Could not solve for environment specs\nThe following package could not be installed\n└─ mysql-devel 8.3.0.*  does not exist (perhaps a typo or a missing channel).</pre><pre>linux_ppc64le_python3.11.____cpython: Could not solve for environment specs\nThe following package could not be installed\n└─ mysql-devel 8.3.0.*  does not exist (perhaps a typo or a missing channel).</pre><pre>linux_ppc64le_python3.8.____cpython: Could not solve for environment specs\nThe following package could not be installed\n└─ mysql-devel 8.3.0.*  does not exist (perhaps a typo or a missing channel).</pre><pre>linux_ppc64le_python3.9.____73_pypy: Could not solve for environment specs\nThe following package could not be installed\n└─ mysql-devel 8.3.0.*  does not exist (perhaps a typo or a missing channel).</pre><pre>linux_ppc64le_python3.9.____cpython: Could not solve for environment specs\nThe following package could not be installed\n└─ mysql-devel 8.3.0.*  does not exist (perhaps a typo or a missing channel).</pre><pre>osx_64_python3.10.____cpython: Could not solve for environment specs\nThe following package could not be installed\n└─ mysql-devel 8.3.0.*  does not exist (perhaps a typo or a missing channel).</pre><pre>osx_64_python3.11.____cpython: Could not solve for environment specs\nThe following package could not be installed\n└─ mysql-devel 8.3.0.*  does not exist (perhaps a typo or a missing channel).</pre><pre>osx_64_python3.8.____cpython: Could not solve for environment specs\nThe following package could not be installed\n└─ mysql-devel 8.3.0.*  does not exist (perhaps a typo or a missing channel).</pre><pre>osx_64_python3.9.____73_pypy: Could not solve for environment specs\nThe following package could not be installed\n└─ mysql-devel 8.3.0.*  does not exist (perhaps a typo or a missing channel).</pre><pre>osx_64_python3.9.____cpython: Could not solve for environment specs\nThe following package could not be installed\n└─ mysql-devel 8.3.0.*  does not exist (perhaps a typo or a missing channel).</pre><pre>osx_arm64_python3.10.____cpython: Could not solve for environment specs\nThe following package could not be installed\n└─ mysql-devel 8.3.0.*  does not exist (perhaps a typo or a missing channel).</pre><pre>osx_arm64_python3.11.____cpython: Could not solve for environment specs\nThe following package could not be installed\n└─ mysql-devel 8.3.0.*  does not exist (perhaps a typo or a missing channel).</pre><pre>osx_arm64_python3.8.____cpython: Could not solve for environment specs\nThe following package could not be installed\n└─ mysql-devel 8.3.0.*  does not exist (perhaps a typo or a missing channel).</pre><pre>osx_arm64_python3.9.____cpython: Could not solve for environment specs\nThe following package could not be installed\n└─ mysql-devel 8.3.0.*  does not exist (perhaps a typo or a missing channel).</pre><pre>win_64_python3.10.____cpython: Could not solve for environment specs\nThe following package could not be installed\n└─ mysql-devel 8.3.0.*  does not exist (perhaps a typo or a missing channel).</pre><pre>win_64_python3.11.____cpython: Could not solve for environment specs\nThe following package could not be installed\n└─ mysql-devel 8.3.0.*  does not exist (perhaps a typo or a missing channel).</pre><pre>win_64_python3.8.____cpython: Could not solve for environment specs\nThe following package could not be installed\n└─ mysql-devel 8.3.0.*  does not exist (perhaps a typo or a missing channel).</pre><pre>win_64_python3.9.____73_pypy: Could not solve for environment specs\nThe following package could not be installed\n└─ mysql-devel 8.3.0.*  does not exist (perhaps a typo or a missing channel).</pre><pre>win_64_python3.9.____cpython: Could not solve for environment specs\nThe following package could not be installed\n└─ mysql-devel 8.3.0.*  does not exist (perhaps a typo or a missing channel).\n                </pre>\n                </div>\n                </details>",
    "8.4.0": "bot error (<a href=\"https://github.com/regro/cf-scripts/actions/runs/9721254614\">bot CI job</a>): main:\nError running migrate-feedstock in container - error VersionMigrationError raised:\n'The recipe did not change in the version migration, a URL did not hash, or there is jinja2 syntax the bot cannot handle!\n\nPlease check the URLs in your recipe with version '8.4.0' to make sure they exist!\n\nWe also found the following errors:\n\n - We found a problem parsing the recipe for version '8.4.0': \n\nDuplicateKeyError('while constructing a mapping',   in \"<unicode string>\", line 52, column 3:\n      home: https://dev.mysql.com/doc/ ... \n      ^ (line: 52), 'found duplicate key \"dev_url\" with value \"https://github.com/mysql/mysql-connector-python\" (original value: \"https://github.com/mysql/mysql-connector-python/\")',   in \"<unicode string>\", line 62, column 3:\n      dev_url: https://github.com/mysq ... \n      ^ (line: 62), '\\n                    To suppress this check see:\\n                        http://yaml.readthedocs.io/en/latest/api.html#duplicate-keys\\n                    ', '                    Duplicate keys will become an error in future releases, and are errors\\n                    by default when using the new API.\\n                    ')\n\ntraceback:\n  File \"/opt/autotick-bot/conda_forge_tick/update_recipe/version.py\", line 415, in update_version\n    cmeta = CondaMetaYAML(raw_meta_yaml)\n            ^^^^^^^^^^^^^^^^^^^^^^^^^^^^\n  File \"/opt/autotick-bot/conda_forge_tick/recipe_parser/_parser.py\", line 515, in __init__\n    self.meta = self._parser.load(\"\".join(lines))\n                ^^^^^^^^^^^^^^^^^^^^^^^^^^^^^^^^^\n  File \"/opt/conda/envs/cf-scripts/lib/python3.11/site-packages/ruamel/yaml/main.py\", line 451, in load\n    return constructor.get_single_data()\n           ^^^^^^^^^^^^^^^^^^^^^^^^^^^^^\n  File \"/opt/conda/envs/cf-scripts/lib/python3.11/site-packages/ruamel/yaml/constructor.py\", line 116, in get_single_data\n    return self.construct_document(node)\n           ^^^^^^^^^^^^^^^^^^^^^^^^^^^^^\n  File \"/opt/conda/envs/cf-scripts/lib/python3.11/site-packages/ruamel/yaml/constructor.py\", line 125, in construct_document\n    for _dummy in generator:\n  File \"/opt/conda/envs/cf-scripts/lib/python3.11/site-packages/ruamel/yaml/constructor.py\", line 1476, in construct_yaml_map\n    self.construct_mapping(node, data, deep=True)\n  File \"/opt/conda/envs/cf-scripts/lib/python3.11/site-packages/ruamel/yaml/constructor.py\", line 1365, in construct_mapping\n    value = self.construct_object(value_node, deep=deep)\n            ^^^^^^^^^^^^^^^^^^^^^^^^^^^^^^^^^^^^^^^^^^^^\n  File \"/opt/conda/envs/cf-scripts/lib/python3.11/site-packages/ruamel/yaml/constructor.py\", line 147, in construct_object\n    data = self.construct_non_recursive_object(node)\n           ^^^^^^^^^^^^^^^^^^^^^^^^^^^^^^^^^^^^^^^^^\n  File \"/opt/conda/envs/cf-scripts/lib/python3.11/site-packages/ruamel/yaml/constructor.py\", line 188, in construct_non_recursive_object\n    for _dummy in generator:\n  File \"/opt/conda/envs/cf-scripts/lib/python3.11/site-packages/ruamel/yaml/constructor.py\", line 1476, in construct_yaml_map\n    self.construct_mapping(node, data, deep=True)\n  File \"/opt/conda/envs/cf-scripts/lib/python3.11/site-packages/ruamel/yaml/constructor.py\", line 1366, in construct_mapping\n    if self.check_mapping_key(node, key_node, maptyp, key, value):\n       ^^^^^^^^^^^^^^^^^^^^^^^^^^^^^^^^^^^^^^^^^^^^^^^^^^^^^^^^^^\n  File \"/opt/conda/envs/cf-scripts/lib/python3.11/site-packages/ruamel/yaml/constructor.py\", line 278, in check_mapping_key\n    raise DuplicateKeyError(*args)\n\n'",
    "9.0.0": "bot error (<a href=\"https://github.com/regro/cf-scripts/actions/runs/10135668439\">bot CI job</a>): main:\nError running migrate-feedstock in container - error VersionMigrationError raised:\n'The recipe did not change in the version migration, a URL did not hash, or there is jinja2 syntax the bot cannot handle!\n\nPlease check the URLs in your recipe with version '9.0.0' to make sure they exist!\n\nWe also found the following errors:\n\n - We found a problem parsing the recipe for version '9.0.0': \n\nDuplicateKeyError('while constructing a mapping',   in \"<unicode string>\", line 52, column 3:\n      home: https://dev.mysql.com/doc/ ... \n      ^ (line: 52), 'found duplicate key \"dev_url\" with value \"https://github.com/mysql/mysql-connector-python\" (original value: \"https://github.com/mysql/mysql-connector-python/\")',   in \"<unicode string>\", line 62, column 3:\n      dev_url: https://github.com/mysq ... \n      ^ (line: 62), '\\n                    To suppress this check see:\\n                        http://yaml.readthedocs.io/en/latest/api.html#duplicate-keys\\n                    ', '                    Duplicate keys will become an error in future releases, and are errors\\n                    by default when using the new API.\\n                    ')\n\ntraceback:\n  File \"/opt/autotick-bot/conda_forge_tick/update_recipe/version.py\", line 415, in update_version\n    cmeta = CondaMetaYAML(raw_meta_yaml)\n            ^^^^^^^^^^^^^^^^^^^^^^^^^^^^\n  File \"/opt/autotick-bot/conda_forge_tick/recipe_parser/_parser.py\", line 515, in __init__\n    self.meta = self._parser.load(\"\".join(lines))\n                ^^^^^^^^^^^^^^^^^^^^^^^^^^^^^^^^^\n  File \"/opt/conda/envs/cf-scripts/lib/python3.11/site-packages/ruamel/yaml/main.py\", line 451, in load\n    return constructor.get_single_data()\n           ^^^^^^^^^^^^^^^^^^^^^^^^^^^^^\n  File \"/opt/conda/envs/cf-scripts/lib/python3.11/site-packages/ruamel/yaml/constructor.py\", line 116, in get_single_data\n    return self.construct_document(node)\n           ^^^^^^^^^^^^^^^^^^^^^^^^^^^^^\n  File \"/opt/conda/envs/cf-scripts/lib/python3.11/site-packages/ruamel/yaml/constructor.py\", line 125, in construct_document\n    for _dummy in generator:\n  File \"/opt/conda/envs/cf-scripts/lib/python3.11/site-packages/ruamel/yaml/constructor.py\", line 1476, in construct_yaml_map\n    self.construct_mapping(node, data, deep=True)\n  File \"/opt/conda/envs/cf-scripts/lib/python3.11/site-packages/ruamel/yaml/constructor.py\", line 1365, in construct_mapping\n    value = self.construct_object(value_node, deep=deep)\n            ^^^^^^^^^^^^^^^^^^^^^^^^^^^^^^^^^^^^^^^^^^^^\n  File \"/opt/conda/envs/cf-scripts/lib/python3.11/site-packages/ruamel/yaml/constructor.py\", line 147, in construct_object\n    data = self.construct_non_recursive_object(node)\n           ^^^^^^^^^^^^^^^^^^^^^^^^^^^^^^^^^^^^^^^^^\n  File \"/opt/conda/envs/cf-scripts/lib/python3.11/site-packages/ruamel/yaml/constructor.py\", line 188, in construct_non_recursive_object\n    for _dummy in generator:\n  File \"/opt/conda/envs/cf-scripts/lib/python3.11/site-packages/ruamel/yaml/constructor.py\", line 1476, in construct_yaml_map\n    self.construct_mapping(node, data, deep=True)\n  File \"/opt/conda/envs/cf-scripts/lib/python3.11/site-packages/ruamel/yaml/constructor.py\", line 1366, in construct_mapping\n    if self.check_mapping_key(node, key_node, maptyp, key, value):\n       ^^^^^^^^^^^^^^^^^^^^^^^^^^^^^^^^^^^^^^^^^^^^^^^^^^^^^^^^^^\n  File \"/opt/conda/envs/cf-scripts/lib/python3.11/site-packages/ruamel/yaml/constructor.py\", line 278, in check_mapping_key\n    raise DuplicateKeyError(*args)\n\n'",
    "9.1.0": "bot error (<a href=\"https://github.com/regro/cf-scripts/actions/runs/12888293547\">bot CI job</a>): main:\nTraceback (most recent call last):\n  File \"/opt/autotick-bot/conda_forge_tick/container_cli.py\", line 119, in _run_bot_task\n    data = func(attrs=attrs, **kwargs)\n           ^^^^^^^^^^^^^^^^^^^^^^^^^^^\n  File \"/opt/autotick-bot/conda_forge_tick/container_cli.py\", line 225, in _migrate_feedstock\n    data = run_migration_local(\n           ^^^^^^^^^^^^^^^^^^^^\n  File \"/opt/autotick-bot/conda_forge_tick/migration_runner.py\", line 251, in run_migration_local\n    data[\"migrate_return_value\"] = migrator.migrate(\n                                   ^^^^^^^^^^^^^^^^^\n  File \"/opt/autotick-bot/conda_forge_tick/migrators/version.py\", line 254, in migrate\n    raise VersionMigrationError(\nconda_forge_tick.migrators.version.VersionMigrationError: The recipe did not change in the version migration, a URL did not hash, or there is jinja2 syntax the bot cannot handle!\n\nPlease check the URLs in your recipe with version '9.1.0' to make sure they exist!\n\nWe also found the following errors:\n\n - We found a problem parsing the recipe for version '9.1.0': \n\nDuplicateKeyError('while constructing a mapping',   in \"<unicode string>\", line 53, column 3:\n      home: https://dev.mysql.com/doc/ ... \n      ^ (line: 53), 'found duplicate key \"dev_url\" with value \"https://github.com/mysql/mysql-connector-python\" (original value: \"https://github.com/mysql/mysql-connector-python/\")',   in \"<unicode string>\", line 63, column 3:\n      dev_url: https://github.com/mysq ... \n      ^ (line: 63), '\n                    To suppress this check see:\n                        http://yaml.readthedocs.io/en/latest/api.html#duplicate-keys\n                    ', '                    Duplicate keys will become an error in future releases, and are errors\n                    by default when using the new API.\n                    ')\n\ntraceback:\n  File \"/opt/autotick-bot/conda_forge_tick/update_recipe/version.py\", line 818, in update_version\n    cmeta = CondaMetaYAML(raw_meta_yaml)\n            ^^^^^^^^^^^^^^^^^^^^^^^^^^^^\n  File \"/opt/autotick-bot/conda_forge_tick/recipe_parser/_parser.py\", line 597, in __init__\n    self.meta = self._parser.load(\"\".join(lines))\n                ^^^^^^^^^^^^^^^^^^^^^^^^^^^^^^^^^\n  File \"/opt/conda/envs/cf-scripts/lib/python3.11/site-packages/ruamel/yaml/main.py\", line 451, in load\n    return constructor.get_single_data()\n           ^^^^^^^^^^^^^^^^^^^^^^^^^^^^^\n  File \"/opt/conda/envs/cf-scripts/lib/python3.11/site-packages/ruamel/yaml/constructor.py\", line 116, in get_single_data\n    return self.construct_document(node)\n           ^^^^^^^^^^^^^^^^^^^^^^^^^^^^^\n  File \"/opt/conda/envs/cf-scripts/lib/python3.11/site-packages/ruamel/yaml/constructor.py\", line 125, in construct_document\n    for _dummy in generator:\n  File \"/opt/conda/envs/cf-scripts/lib/python3.11/site-packages/ruamel/yaml/constructor.py\", line 1482, in construct_yaml_map\n    self.construct_mapping(node, data, deep=True)\n  File \"/opt/conda/envs/cf-scripts/lib/python3.11/site-packages/ruamel/yaml/constructor.py\", line 1371, in construct_mapping\n    value = self.construct_object(value_node, deep=deep)\n            ^^^^^^^^^^^^^^^^^^^^^^^^^^^^^^^^^^^^^^^^^^^^\n  File \"/opt/conda/envs/cf-scripts/lib/python3.11/site-packages/ruamel/yaml/constructor.py\", line 147, in construct_object\n    data = self.construct_non_recursive_object(node)\n           ^^^^^^^^^^^^^^^^^^^^^^^^^^^^^^^^^^^^^^^^^\n  File \"/opt/conda/envs/cf-scripts/lib/python3.11/site-packages/ruamel/yaml/constructor.py\", line 188, in construct_non_recursive_object\n    for _dummy in generator:\n  File \"/opt/conda/envs/cf-scripts/lib/python3.11/site-packages/ruamel/yaml/constructor.py\", line 1482, in construct_yaml_map\n    self.construct_mapping(node, data, deep=True)\n  File \"/opt/conda/envs/cf-scripts/lib/python3.11/site-packages/ruamel/yaml/constructor.py\", line 1372, in construct_mapping\n    if self.check_mapping_key(node, key_node, maptyp, key, value):\n       ^^^^^^^^^^^^^^^^^^^^^^^^^^^^^^^^^^^^^^^^^^^^^^^^^^^^^^^^^^\n  File \"/opt/conda/envs/cf-scripts/lib/python3.11/site-packages/ruamel/yaml/constructor.py\", line 278, in check_mapping_key\n    raise DuplicateKeyError(*args)\n\n\n",
    "9.2.0": "bot error (<a href=\"https://github.com/regro/cf-scripts/actions/runs/14476199990\">bot CI job</a>): main:\nTraceback (most recent call last):\n  File \"/opt/autotick-bot/conda_forge_tick/container_cli.py\", line 119, in _run_bot_task\n    data = func(attrs=attrs, **kwargs)\n           ^^^^^^^^^^^^^^^^^^^^^^^^^^^\n  File \"/opt/autotick-bot/conda_forge_tick/container_cli.py\", line 225, in _migrate_feedstock\n    data = run_migration_local(\n           ^^^^^^^^^^^^^^^^^^^^\n  File \"/opt/autotick-bot/conda_forge_tick/migration_runner.py\", line 251, in run_migration_local\n    data[\"migrate_return_value\"] = migrator.migrate(\n                                   ^^^^^^^^^^^^^^^^^\n  File \"/opt/autotick-bot/conda_forge_tick/migrators/version.py\", line 324, in migrate\n    raise VersionMigrationError(\nconda_forge_tick.migrators.version.VersionMigrationError: The recipe did not change in the version migration, a URL did not hash, or there is jinja2 syntax the bot cannot handle!\n\nPlease check the URLs in your recipe with version '9.2.0' to make sure they exist!\n\nWe also found the following errors:\n\n - We found a problem parsing the recipe for version '9.2.0': \n\nDuplicateKeyError('while constructing a mapping',   in \"<unicode string>\", line 53, column 3:\n      home: https://dev.mysql.com/doc/ ... \n      ^ (line: 53), 'found duplicate key \"dev_url\" with value \"https://github.com/mysql/mysql-connector-python\" (original value: \"https://github.com/mysql/mysql-connector-python/\")',   in \"<unicode string>\", line 63, column 3:\n      dev_url: https://github.com/mysq ... \n      ^ (line: 63), '\n                    To suppress this check see:\n                        http://yaml.readthedocs.io/en/latest/api.html#duplicate-keys\n                    ', '                    Duplicate keys will become an error in future releases, and are errors\n                    by default when using the new API.\n                    ')\n\ntraceback:\n  File \"/opt/autotick-bot/conda_forge_tick/update_recipe/version.py\", line 819, in update_version\n    cmeta = CondaMetaYAML(raw_meta_yaml)\n            ^^^^^^^^^^^^^^^^^^^^^^^^^^^^\n  File \"/opt/autotick-bot/conda_forge_tick/recipe_parser/_parser.py\", line 618, in __init__\n    self.meta = self._parser.load(\"\".join(lines))\n                ^^^^^^^^^^^^^^^^^^^^^^^^^^^^^^^^^\n  File \"/opt/conda/envs/cf-scripts/lib/python3.11/site-packages/ruamel/yaml/main.py\", line 451, in load\n    return constructor.get_single_data()\n           ^^^^^^^^^^^^^^^^^^^^^^^^^^^^^\n  File \"/opt/conda/envs/cf-scripts/lib/python3.11/site-packages/ruamel/yaml/constructor.py\", line 116, in get_single_data\n    return self.construct_document(node)\n           ^^^^^^^^^^^^^^^^^^^^^^^^^^^^^\n  File \"/opt/conda/envs/cf-scripts/lib/python3.11/site-packages/ruamel/yaml/constructor.py\", line 125, in construct_document\n    for _dummy in generator:\n  File \"/opt/conda/envs/cf-scripts/lib/python3.11/site-packages/ruamel/yaml/constructor.py\", line 1482, in construct_yaml_map\n    self.construct_mapping(node, data, deep=True)\n  File \"/opt/conda/envs/cf-scripts/lib/python3.11/site-packages/ruamel/yaml/constructor.py\", line 1371, in construct_mapping\n    value = self.construct_object(value_node, deep=deep)\n            ^^^^^^^^^^^^^^^^^^^^^^^^^^^^^^^^^^^^^^^^^^^^\n  File \"/opt/conda/envs/cf-scripts/lib/python3.11/site-packages/ruamel/yaml/constructor.py\", line 147, in construct_object\n    data = self.construct_non_recursive_object(node)\n           ^^^^^^^^^^^^^^^^^^^^^^^^^^^^^^^^^^^^^^^^^\n  File \"/opt/conda/envs/cf-scripts/lib/python3.11/site-packages/ruamel/yaml/constructor.py\", line 188, in construct_non_recursive_object\n    for _dummy in generator:\n  File \"/opt/conda/envs/cf-scripts/lib/python3.11/site-packages/ruamel/yaml/constructor.py\", line 1482, in construct_yaml_map\n    self.construct_mapping(node, data, deep=True)\n  File \"/opt/conda/envs/cf-scripts/lib/python3.11/site-packages/ruamel/yaml/constructor.py\", line 1372, in construct_mapping\n    if self.check_mapping_key(node, key_node, maptyp, key, value):\n       ^^^^^^^^^^^^^^^^^^^^^^^^^^^^^^^^^^^^^^^^^^^^^^^^^^^^^^^^^^\n  File \"/opt/conda/envs/cf-scripts/lib/python3.11/site-packages/ruamel/yaml/constructor.py\", line 278, in check_mapping_key\n    raise DuplicateKeyError(*args)\n\n\n",
    "9.3.0": "bot error (<a href=\"https://github.com/regro/cf-scripts/actions/runs/14626314162\">bot CI job</a>): main:\nTraceback (most recent call last):\n  File \"/opt/autotick-bot/conda_forge_tick/container_cli.py\", line 119, in _run_bot_task\n    data = func(attrs=attrs, **kwargs)\n           ^^^^^^^^^^^^^^^^^^^^^^^^^^^\n  File \"/opt/autotick-bot/conda_forge_tick/container_cli.py\", line 225, in _migrate_feedstock\n    data = run_migration_local(\n           ^^^^^^^^^^^^^^^^^^^^\n  File \"/opt/autotick-bot/conda_forge_tick/migration_runner.py\", line 251, in run_migration_local\n    data[\"migrate_return_value\"] = migrator.migrate(\n                                   ^^^^^^^^^^^^^^^^^\n  File \"/opt/autotick-bot/conda_forge_tick/migrators/version.py\", line 324, in migrate\n    raise VersionMigrationError(\nconda_forge_tick.migrators.version.VersionMigrationError: The recipe did not change in the version migration, a URL did not hash, or there is jinja2 syntax the bot cannot handle!\n\nPlease check the URLs in your recipe with version '9.3.0' to make sure they exist!\n\nWe also found the following errors:\n\n - We found a problem parsing the recipe for version '9.3.0': \n\nDuplicateKeyError('while constructing a mapping',   in \"<unicode string>\", line 57, column 3:\n      home: https://dev.mysql.com/doc/ ... \n      ^ (line: 57), 'found duplicate key \"dev_url\" with value \"https://github.com/mysql/mysql-connector-python\" (original value: \"https://github.com/mysql/mysql-connector-python/\")',   in \"<unicode string>\", line 67, column 3:\n      dev_url: https://github.com/mysq ... \n      ^ (line: 67), '\n                    To suppress this check see:\n                        http://yaml.readthedocs.io/en/latest/api.html#duplicate-keys\n                    ', '                    Duplicate keys will become an error in future releases, and are errors\n                    by default when using the new API.\n                    ')\n\ntraceback:\n  File \"/opt/autotick-bot/conda_forge_tick/update_recipe/version.py\", line 819, in update_version\n    cmeta = CondaMetaYAML(raw_meta_yaml)\n            ^^^^^^^^^^^^^^^^^^^^^^^^^^^^\n  File \"/opt/autotick-bot/conda_forge_tick/recipe_parser/_parser.py\", line 618, in __init__\n    self.meta = self._parser.load(\"\".join(lines))\n                ^^^^^^^^^^^^^^^^^^^^^^^^^^^^^^^^^\n  File \"/opt/conda/envs/cf-scripts/lib/python3.11/site-packages/ruamel/yaml/main.py\", line 451, in load\n    return constructor.get_single_data()\n           ^^^^^^^^^^^^^^^^^^^^^^^^^^^^^\n  File \"/opt/conda/envs/cf-scripts/lib/python3.11/site-packages/ruamel/yaml/constructor.py\", line 116, in get_single_data\n    return self.construct_document(node)\n           ^^^^^^^^^^^^^^^^^^^^^^^^^^^^^\n  File \"/opt/conda/envs/cf-scripts/lib/python3.11/site-packages/ruamel/yaml/constructor.py\", line 125, in construct_document\n    for _dummy in generator:\n  File \"/opt/conda/envs/cf-scripts/lib/python3.11/site-packages/ruamel/yaml/constructor.py\", line 1482, in construct_yaml_map\n    self.construct_mapping(node, data, deep=True)\n  File \"/opt/conda/envs/cf-scripts/lib/python3.11/site-packages/ruamel/yaml/constructor.py\", line 1371, in construct_mapping\n    value = self.construct_object(value_node, deep=deep)\n            ^^^^^^^^^^^^^^^^^^^^^^^^^^^^^^^^^^^^^^^^^^^^\n  File \"/opt/conda/envs/cf-scripts/lib/python3.11/site-packages/ruamel/yaml/constructor.py\", line 147, in construct_object\n    data = self.construct_non_recursive_object(node)\n           ^^^^^^^^^^^^^^^^^^^^^^^^^^^^^^^^^^^^^^^^^\n  File \"/opt/conda/envs/cf-scripts/lib/python3.11/site-packages/ruamel/yaml/constructor.py\", line 188, in construct_non_recursive_object\n    for _dummy in generator:\n  File \"/opt/conda/envs/cf-scripts/lib/python3.11/site-packages/ruamel/yaml/constructor.py\", line 1482, in construct_yaml_map\n    self.construct_mapping(node, data, deep=True)\n  File \"/opt/conda/envs/cf-scripts/lib/python3.11/site-packages/ruamel/yaml/constructor.py\", line 1372, in construct_mapping\n    if self.check_mapping_key(node, key_node, maptyp, key, value):\n       ^^^^^^^^^^^^^^^^^^^^^^^^^^^^^^^^^^^^^^^^^^^^^^^^^^^^^^^^^^\n  File \"/opt/conda/envs/cf-scripts/lib/python3.11/site-packages/ruamel/yaml/constructor.py\", line 278, in check_mapping_key\n    raise DuplicateKeyError(*args)\n\n\n",
    "9.6.0": "not solvable (<a href='https://github.com/regro/cf-scripts/actions/runs/21224388978'>bot CI job</a>) @ main\n        <details>\n        <div align=\"left\">\n        <pre>\n        linux_64_python3.10.____cpython: Cannot solve the request because of: No candidates were found for mysql-client 9.6.*.\n</pre><pre>linux_64_python3.11.____cpython: Cannot solve the request because of: No candidates were found for mysql-client 9.6.*.\n</pre><pre>linux_64_python3.12.____cpython: Cannot solve the request because of: No candidates were found for mysql-client 9.6.*.\n</pre><pre>linux_64_python3.13.____cp313: Cannot solve the request because of: No candidates were found for mysql-client 9.6.*.\n</pre><pre>linux_64_python3.14.____cp314: Cannot solve the request because of: No candidates were found for mysql-client 9.6.*.\n</pre><pre>linux_64_python3.14.____cp314t: Cannot solve the request because of: No candidates were found for mysql-client 9.6.*.\n</pre><pre>linux_aarch64_python3.10.____cpython: Cannot solve the request because of: No candidates were found for mysql-client 9.6.*.\n</pre><pre>linux_aarch64_python3.11.____cpython: Cannot solve the request because of: No candidates were found for mysql-client 9.6.*.\n</pre><pre>linux_aarch64_python3.12.____cpython: Cannot solve the request because of: No candidates were found for mysql-client 9.6.*.\n</pre><pre>linux_aarch64_python3.13.____cp313: Cannot solve the request because of: No candidates were found for mysql-client 9.6.*.\n</pre><pre>linux_aarch64_python3.14.____cp314: Cannot solve the request because of: No candidates were found for mysql-client 9.6.*.\n</pre><pre>linux_aarch64_python3.14.____cp314t: Cannot solve the request because of: No candidates were found for mysql-client 9.6.*.\n</pre><pre>linux_ppc64le_python3.10.____cpython: Cannot solve the request because of: No candidates were found for mysql-client 9.6.*.\n</pre><pre>linux_ppc64le_python3.11.____cpython: Cannot solve the request because of: No candidates were found for mysql-client 9.6.*.\n</pre><pre>linux_ppc64le_python3.12.____cpython: Cannot solve the request because of: No candidates were found for mysql-client 9.6.*.\n</pre><pre>linux_ppc64le_python3.13.____cp313: Cannot solve the request because of: No candidates were found for mysql-client 9.6.*.\n</pre><pre>linux_ppc64le_python3.14.____cp314: Cannot solve the request because of: No candidates were found for mysql-client 9.6.*.\n</pre><pre>linux_ppc64le_python3.14.____cp314t: Cannot solve the request because of: No candidates were found for mysql-client 9.6.*.\n</pre><pre>osx_64_python3.10.____cpython: Cannot solve the request because of: No candidates were found for mysql-client 9.6.*.\n</pre><pre>osx_64_python3.11.____cpython: Cannot solve the request because of: No candidates were found for mysql-client 9.6.*.\n</pre><pre>osx_64_python3.12.____cpython: Cannot solve the request because of: No candidates were found for mysql-client 9.6.*.\n</pre><pre>osx_64_python3.13.____cp313: Cannot solve the request because of: No candidates were found for mysql-client 9.6.*.\n</pre><pre>osx_64_python3.14.____cp314: Cannot solve the request because of: No candidates were found for mysql-client 9.6.*.\n</pre><pre>osx_64_python3.14.____cp314t: Cannot solve the request because of: No candidates were found for mysql-client 9.6.*.\n</pre><pre>osx_arm64_python3.10.____cpython: Cannot solve the request because of: No candidates were found for mysql-client 9.6.*.\n</pre><pre>osx_arm64_python3.11.____cpython: Cannot solve the request because of: No candidates were found for mysql-client 9.6.*.\n</pre><pre>osx_arm64_python3.12.____cpython: Cannot solve the request because of: No candidates were found for mysql-client 9.6.*.\n</pre><pre>osx_arm64_python3.13.____cp313: Cannot solve the request because of: No candidates were found for mysql-client 9.6.*.\n</pre><pre>osx_arm64_python3.14.____cp314: Cannot solve the request because of: No candidates were found for mysql-client 9.6.*.\n</pre><pre>osx_arm64_python3.14.____cp314t: Cannot solve the request because of: No candidates were found for mysql-client 9.6.*.\n</pre><pre>win_64_python3.10.____cpython: Cannot solve the request because of: No candidates were found for mysql-client 9.6.*.\n</pre><pre>win_64_python3.11.____cpython: Cannot solve the request because of: No candidates were found for mysql-client 9.6.*.\n</pre><pre>win_64_python3.12.____cpython: Cannot solve the request because of: No candidates were found for mysql-client 9.6.*.\n</pre><pre>win_64_python3.13.____cp313: Cannot solve the request because of: No candidates were found for mysql-client 9.6.*.\n</pre><pre>win_64_python3.14.____cp314: Cannot solve the request because of: No candidates were found for mysql-client 9.6.*.\n</pre><pre>win_64_python3.14.____cp314t: Cannot solve the request because of: No candidates were found for mysql-client 9.6.*.\n\n        </pre>\n        </div>\n        </details>"
  }
}