{
  "_feedstock_status": {
    "arcticdb": {
      "immediate_children": [],
      "num_descendants": 0,
      "pre_pr_migrator_status": ""
    },
    "arrow-cpp": {
      "immediate_children": [
        "arcticdb",
        "bodo"
      ],
      "num_descendants": 2,
      "pr_status": "",
      "pr_url": "https://github.com/conda-forge/arrow-cpp-feedstock",
      "pre_pr_migrator_status": ""
    },
    "bodo": {
      "immediate_children": [],
      "num_descendants": 0,
      "pre_pr_migrator_status": "not solvable (<a href='https://github.com/regro/cf-scripts/actions/runs/16375531500'>bot CI job</a>) @ main\n        <details>\n        <div align=\"left\">\n        <pre>\n        linux_64_python3.10.____cpython: Cannot solve the request because of: libarrow 19.0.* cannot be installed because there are no viable options:\n└─ libarrow 19.0.0 | 19.0.0 | 19.0.0 | 19.0.0 | 19.0.0 | 19.0.0 | 19.0.0 | 19.0.0 | 19.0.0 | 19.0.0 | 19.0.0 | 19.0.0 | 19.0.0 | 19.0.0 | 19.0.0 | 19.0.0 | 19.0.0 | 19.0.0 | 19.0.0 | 19.0.1 | 19.0.1 | 19.0.1 | 19.0.1 | 19.0.1 | 19.0.1 | 19.0.1 | 19.0.1 | 19.0.1 | 19.0.1 | 19.0.1 | 19.0.1 | 19.0.1 | 19.0.1 | 19.0.1 | 19.0.1 | 19.0.1 | 19.0.1 | 19.0.1 | 19.0.1 | 19.0.1 | 19.0.1 | 19.0.1 | 19.0.1 | 19.0.1 | 19.0.1 | 19.0.1 | 19.0.1 | 19.0.1 | 19.0.1 | 19.0.1 | 19.0.1 | 19.0.1 | 19.0.1 | 19.0.1 | 19.0.1 | 19.0.1 | 19.0.1 | 19.0.1 | 19.0.1 | 19.0.1 | 19.0.1 | 19.0.1 | 19.0.1 | 19.0.1 | 19.0.1 would require\n   └─ aws-sdk-cpp >=1.11.458,<1.11.459.0a0, for which no candidates were found.\n</pre><pre>linux_64_python3.11.____cpython: Cannot solve the request because of: libarrow 19.0.* cannot be installed because there are no viable options:\n└─ libarrow 19.0.0 | 19.0.0 | 19.0.0 | 19.0.0 | 19.0.0 | 19.0.0 | 19.0.0 | 19.0.0 | 19.0.0 | 19.0.0 | 19.0.0 | 19.0.0 | 19.0.0 | 19.0.0 | 19.0.0 | 19.0.0 | 19.0.0 | 19.0.0 | 19.0.0 | 19.0.1 | 19.0.1 | 19.0.1 | 19.0.1 | 19.0.1 | 19.0.1 | 19.0.1 | 19.0.1 | 19.0.1 | 19.0.1 | 19.0.1 | 19.0.1 | 19.0.1 | 19.0.1 | 19.0.1 | 19.0.1 | 19.0.1 | 19.0.1 | 19.0.1 | 19.0.1 | 19.0.1 | 19.0.1 | 19.0.1 | 19.0.1 | 19.0.1 | 19.0.1 | 19.0.1 | 19.0.1 | 19.0.1 | 19.0.1 | 19.0.1 | 19.0.1 | 19.0.1 | 19.0.1 | 19.0.1 | 19.0.1 | 19.0.1 | 19.0.1 | 19.0.1 | 19.0.1 | 19.0.1 | 19.0.1 | 19.0.1 | 19.0.1 | 19.0.1 | 19.0.1 would require\n   └─ aws-sdk-cpp >=1.11.458,<1.11.459.0a0, for which no candidates were found.\n</pre><pre>linux_64_python3.12.____cpython: Cannot solve the request because of: libarrow 19.0.* cannot be installed because there are no viable options:\n└─ libarrow 19.0.0 | 19.0.0 | 19.0.0 | 19.0.0 | 19.0.0 | 19.0.0 | 19.0.0 | 19.0.0 | 19.0.0 | 19.0.0 | 19.0.0 | 19.0.0 | 19.0.0 | 19.0.0 | 19.0.0 | 19.0.0 | 19.0.0 | 19.0.0 | 19.0.0 | 19.0.1 | 19.0.1 | 19.0.1 | 19.0.1 | 19.0.1 | 19.0.1 | 19.0.1 | 19.0.1 | 19.0.1 | 19.0.1 | 19.0.1 | 19.0.1 | 19.0.1 | 19.0.1 | 19.0.1 | 19.0.1 | 19.0.1 | 19.0.1 | 19.0.1 | 19.0.1 | 19.0.1 | 19.0.1 | 19.0.1 | 19.0.1 | 19.0.1 | 19.0.1 | 19.0.1 | 19.0.1 | 19.0.1 | 19.0.1 | 19.0.1 | 19.0.1 | 19.0.1 | 19.0.1 | 19.0.1 | 19.0.1 | 19.0.1 | 19.0.1 | 19.0.1 | 19.0.1 | 19.0.1 | 19.0.1 | 19.0.1 | 19.0.1 | 19.0.1 | 19.0.1 would require\n   └─ aws-sdk-cpp >=1.11.458,<1.11.459.0a0, for which no candidates were found.\n</pre><pre>linux_64_python3.13.____cp313: Cannot solve the request because of: libarrow 19.0.* cannot be installed because there are no viable options:\n└─ libarrow 19.0.0 | 19.0.0 | 19.0.0 | 19.0.0 | 19.0.0 | 19.0.0 | 19.0.0 | 19.0.0 | 19.0.0 | 19.0.0 | 19.0.0 | 19.0.0 | 19.0.0 | 19.0.0 | 19.0.0 | 19.0.0 | 19.0.0 | 19.0.0 | 19.0.0 | 19.0.1 | 19.0.1 | 19.0.1 | 19.0.1 | 19.0.1 | 19.0.1 | 19.0.1 | 19.0.1 | 19.0.1 | 19.0.1 | 19.0.1 | 19.0.1 | 19.0.1 | 19.0.1 | 19.0.1 | 19.0.1 | 19.0.1 | 19.0.1 | 19.0.1 | 19.0.1 | 19.0.1 | 19.0.1 | 19.0.1 | 19.0.1 | 19.0.1 | 19.0.1 | 19.0.1 | 19.0.1 | 19.0.1 | 19.0.1 | 19.0.1 | 19.0.1 | 19.0.1 | 19.0.1 | 19.0.1 | 19.0.1 | 19.0.1 | 19.0.1 | 19.0.1 | 19.0.1 | 19.0.1 | 19.0.1 | 19.0.1 | 19.0.1 | 19.0.1 | 19.0.1 would require\n   └─ aws-sdk-cpp >=1.11.458,<1.11.459.0a0, for which no candidates were found.\n</pre><pre>linux_64_python3.9.____cpython: Cannot solve the request because of: libarrow 19.0.* cannot be installed because there are no viable options:\n└─ libarrow 19.0.0 | 19.0.0 | 19.0.0 | 19.0.0 | 19.0.0 | 19.0.0 | 19.0.0 | 19.0.0 | 19.0.0 | 19.0.0 | 19.0.0 | 19.0.0 | 19.0.0 | 19.0.0 | 19.0.0 | 19.0.0 | 19.0.0 | 19.0.0 | 19.0.0 | 19.0.1 | 19.0.1 | 19.0.1 | 19.0.1 | 19.0.1 | 19.0.1 | 19.0.1 | 19.0.1 | 19.0.1 | 19.0.1 | 19.0.1 | 19.0.1 | 19.0.1 | 19.0.1 | 19.0.1 | 19.0.1 | 19.0.1 | 19.0.1 | 19.0.1 | 19.0.1 | 19.0.1 | 19.0.1 | 19.0.1 | 19.0.1 | 19.0.1 | 19.0.1 | 19.0.1 | 19.0.1 | 19.0.1 | 19.0.1 | 19.0.1 | 19.0.1 | 19.0.1 | 19.0.1 | 19.0.1 | 19.0.1 | 19.0.1 | 19.0.1 | 19.0.1 | 19.0.1 | 19.0.1 | 19.0.1 | 19.0.1 | 19.0.1 | 19.0.1 | 19.0.1 would require\n   └─ aws-sdk-cpp >=1.11.458,<1.11.459.0a0, for which no candidates were found.\n</pre><pre>osx_64_python3.10.____cpython: Cannot solve the request because of: libarrow 19.0.* cannot be installed because there are no viable options:\n└─ libarrow 19.0.0 | 19.0.0 | 19.0.0 | 19.0.0 | 19.0.0 | 19.0.0 | 19.0.0 | 19.0.0 | 19.0.0 | 19.0.1 | 19.0.1 | 19.0.1 | 19.0.1 | 19.0.1 | 19.0.1 | 19.0.1 | 19.0.1 | 19.0.1 | 19.0.1 | 19.0.1 | 19.0.1 | 19.0.1 | 19.0.1 | 19.0.1 | 19.0.1 | 19.0.1 | 19.0.1 | 19.0.1 | 19.0.1 | 19.0.1 | 19.0.1 | 19.0.1 would require\n   └─ aws-sdk-cpp >=1.11.458,<1.11.459.0a0, for which no candidates were found.\n</pre><pre>osx_64_python3.11.____cpython: Cannot solve the request because of: libarrow 19.0.* cannot be installed because there are no viable options:\n└─ libarrow 19.0.0 | 19.0.0 | 19.0.0 | 19.0.0 | 19.0.0 | 19.0.0 | 19.0.0 | 19.0.0 | 19.0.0 | 19.0.1 | 19.0.1 | 19.0.1 | 19.0.1 | 19.0.1 | 19.0.1 | 19.0.1 | 19.0.1 | 19.0.1 | 19.0.1 | 19.0.1 | 19.0.1 | 19.0.1 | 19.0.1 | 19.0.1 | 19.0.1 | 19.0.1 | 19.0.1 | 19.0.1 | 19.0.1 | 19.0.1 | 19.0.1 | 19.0.1 would require\n   └─ aws-sdk-cpp >=1.11.458,<1.11.459.0a0, for which no candidates were found.\n</pre><pre>osx_64_python3.12.____cpython: Cannot solve the request because of: libarrow 19.0.* cannot be installed because there are no viable options:\n└─ libarrow 19.0.0 | 19.0.0 | 19.0.0 | 19.0.0 | 19.0.0 | 19.0.0 | 19.0.0 | 19.0.0 | 19.0.0 | 19.0.1 | 19.0.1 | 19.0.1 | 19.0.1 | 19.0.1 | 19.0.1 | 19.0.1 | 19.0.1 | 19.0.1 | 19.0.1 | 19.0.1 | 19.0.1 | 19.0.1 | 19.0.1 | 19.0.1 | 19.0.1 | 19.0.1 | 19.0.1 | 19.0.1 | 19.0.1 | 19.0.1 | 19.0.1 | 19.0.1 would require\n   └─ aws-sdk-cpp >=1.11.458,<1.11.459.0a0, for which no candidates were found.\n</pre><pre>osx_64_python3.13.____cp313: Cannot solve the request because of: libarrow 19.0.* cannot be installed because there are no viable options:\n└─ libarrow 19.0.0 | 19.0.0 | 19.0.0 | 19.0.0 | 19.0.0 | 19.0.0 | 19.0.0 | 19.0.0 | 19.0.0 | 19.0.1 | 19.0.1 | 19.0.1 | 19.0.1 | 19.0.1 | 19.0.1 | 19.0.1 | 19.0.1 | 19.0.1 | 19.0.1 | 19.0.1 | 19.0.1 | 19.0.1 | 19.0.1 | 19.0.1 | 19.0.1 | 19.0.1 | 19.0.1 | 19.0.1 | 19.0.1 | 19.0.1 | 19.0.1 | 19.0.1 would require\n   └─ aws-sdk-cpp >=1.11.458,<1.11.459.0a0, for which no candidates were found.\n</pre><pre>osx_64_python3.9.____cpython: Cannot solve the request because of: libarrow 19.0.* cannot be installed because there are no viable options:\n└─ libarrow 19.0.0 | 19.0.0 | 19.0.0 | 19.0.0 | 19.0.0 | 19.0.0 | 19.0.0 | 19.0.0 | 19.0.0 | 19.0.1 | 19.0.1 | 19.0.1 | 19.0.1 | 19.0.1 | 19.0.1 | 19.0.1 | 19.0.1 | 19.0.1 | 19.0.1 | 19.0.1 | 19.0.1 | 19.0.1 | 19.0.1 | 19.0.1 | 19.0.1 | 19.0.1 | 19.0.1 | 19.0.1 | 19.0.1 | 19.0.1 | 19.0.1 | 19.0.1 would require\n   └─ aws-sdk-cpp >=1.11.458,<1.11.459.0a0, for which no candidates were found.\n</pre><pre>osx_arm64_python3.10.____cpython: Cannot solve the request because of: libarrow 19.0.* cannot be installed because there are no viable options:\n└─ libarrow 19.0.0 | 19.0.0 | 19.0.0 | 19.0.0 | 19.0.0 | 19.0.0 | 19.0.0 | 19.0.0 | 19.0.0 | 19.0.0 | 19.0.1 | 19.0.1 | 19.0.1 | 19.0.1 | 19.0.1 | 19.0.1 | 19.0.1 | 19.0.1 | 19.0.1 | 19.0.1 | 19.0.1 | 19.0.1 | 19.0.1 | 19.0.1 | 19.0.1 | 19.0.1 | 19.0.1 | 19.0.1 | 19.0.1 | 19.0.1 | 19.0.1 | 19.0.1 | 19.0.1 would require\n   └─ aws-sdk-cpp >=1.11.458,<1.11.459.0a0, for which no candidates were found.\n</pre><pre>osx_arm64_python3.11.____cpython: Cannot solve the request because of: libarrow 19.0.* cannot be installed because there are no viable options:\n└─ libarrow 19.0.0 | 19.0.0 | 19.0.0 | 19.0.0 | 19.0.0 | 19.0.0 | 19.0.0 | 19.0.0 | 19.0.0 | 19.0.0 | 19.0.1 | 19.0.1 | 19.0.1 | 19.0.1 | 19.0.1 | 19.0.1 | 19.0.1 | 19.0.1 | 19.0.1 | 19.0.1 | 19.0.1 | 19.0.1 | 19.0.1 | 19.0.1 | 19.0.1 | 19.0.1 | 19.0.1 | 19.0.1 | 19.0.1 | 19.0.1 | 19.0.1 | 19.0.1 | 19.0.1 would require\n   └─ aws-sdk-cpp >=1.11.458,<1.11.459.0a0, for which no candidates were found.\n</pre><pre>osx_arm64_python3.12.____cpython: Cannot solve the request because of: libarrow 19.0.* cannot be installed because there are no viable options:\n└─ libarrow 19.0.0 | 19.0.0 | 19.0.0 | 19.0.0 | 19.0.0 | 19.0.0 | 19.0.0 | 19.0.0 | 19.0.0 | 19.0.0 | 19.0.1 | 19.0.1 | 19.0.1 | 19.0.1 | 19.0.1 | 19.0.1 | 19.0.1 | 19.0.1 | 19.0.1 | 19.0.1 | 19.0.1 | 19.0.1 | 19.0.1 | 19.0.1 | 19.0.1 | 19.0.1 | 19.0.1 | 19.0.1 | 19.0.1 | 19.0.1 | 19.0.1 | 19.0.1 | 19.0.1 would require\n   └─ aws-sdk-cpp >=1.11.458,<1.11.459.0a0, for which no candidates were found.\n</pre><pre>osx_arm64_python3.13.____cp313: Cannot solve the request because of: libarrow 19.0.* cannot be installed because there are no viable options:\n└─ libarrow 19.0.0 | 19.0.0 | 19.0.0 | 19.0.0 | 19.0.0 | 19.0.0 | 19.0.0 | 19.0.0 | 19.0.0 | 19.0.0 | 19.0.1 | 19.0.1 | 19.0.1 | 19.0.1 | 19.0.1 | 19.0.1 | 19.0.1 | 19.0.1 | 19.0.1 | 19.0.1 | 19.0.1 | 19.0.1 | 19.0.1 | 19.0.1 | 19.0.1 | 19.0.1 | 19.0.1 | 19.0.1 | 19.0.1 | 19.0.1 | 19.0.1 | 19.0.1 | 19.0.1 would require\n   └─ aws-sdk-cpp >=1.11.458,<1.11.459.0a0, for which no candidates were found.\n</pre><pre>osx_arm64_python3.9.____cpython: Cannot solve the request because of: libarrow 19.0.* cannot be installed because there are no viable options:\n└─ libarrow 19.0.0 | 19.0.0 | 19.0.0 | 19.0.0 | 19.0.0 | 19.0.0 | 19.0.0 | 19.0.0 | 19.0.0 | 19.0.0 | 19.0.1 | 19.0.1 | 19.0.1 | 19.0.1 | 19.0.1 | 19.0.1 | 19.0.1 | 19.0.1 | 19.0.1 | 19.0.1 | 19.0.1 | 19.0.1 | 19.0.1 | 19.0.1 | 19.0.1 | 19.0.1 | 19.0.1 | 19.0.1 | 19.0.1 | 19.0.1 | 19.0.1 | 19.0.1 | 19.0.1 would require\n   └─ aws-sdk-cpp >=1.11.458,<1.11.459.0a0, for which no candidates were found.\n</pre><pre>win_64_python3.10.____cpython: Cannot solve the request because of: libarrow 19.0.* cannot be installed because there are no viable options:\n└─ libarrow 19.0.0 | 19.0.0 | 19.0.0 | 19.0.0 | 19.0.0 | 19.0.0 | 19.0.0 | 19.0.0 | 19.0.0 | 19.0.0 | 19.0.0 | 19.0.0 | 19.0.0 | 19.0.0 | 19.0.0 | 19.0.0 | 19.0.0 | 19.0.0 | 19.0.0 | 19.0.0 | 19.0.1 | 19.0.1 | 19.0.1 | 19.0.1 | 19.0.1 | 19.0.1 | 19.0.1 | 19.0.1 | 19.0.1 | 19.0.1 | 19.0.1 | 19.0.1 | 19.0.1 | 19.0.1 | 19.0.1 | 19.0.1 | 19.0.1 | 19.0.1 | 19.0.1 | 19.0.1 | 19.0.1 | 19.0.1 | 19.0.1 | 19.0.1 | 19.0.1 | 19.0.1 | 19.0.1 | 19.0.1 | 19.0.1 | 19.0.1 | 19.0.1 | 19.0.1 | 19.0.1 | 19.0.1 | 19.0.1 | 19.0.1 | 19.0.1 | 19.0.1 | 19.0.1 | 19.0.1 | 19.0.1 | 19.0.1 | 19.0.1 | 19.0.1 | 19.0.1 | 19.0.1 would require\n   └─ aws-sdk-cpp >=1.11.458,<1.11.459.0a0, for which no candidates were found.\n</pre><pre>win_64_python3.11.____cpython: Cannot solve the request because of: libarrow 19.0.* cannot be installed because there are no viable options:\n└─ libarrow 19.0.0 | 19.0.0 | 19.0.0 | 19.0.0 | 19.0.0 | 19.0.0 | 19.0.0 | 19.0.0 | 19.0.0 | 19.0.0 | 19.0.0 | 19.0.0 | 19.0.0 | 19.0.0 | 19.0.0 | 19.0.0 | 19.0.0 | 19.0.0 | 19.0.0 | 19.0.0 | 19.0.1 | 19.0.1 | 19.0.1 | 19.0.1 | 19.0.1 | 19.0.1 | 19.0.1 | 19.0.1 | 19.0.1 | 19.0.1 | 19.0.1 | 19.0.1 | 19.0.1 | 19.0.1 | 19.0.1 | 19.0.1 | 19.0.1 | 19.0.1 | 19.0.1 | 19.0.1 | 19.0.1 | 19.0.1 | 19.0.1 | 19.0.1 | 19.0.1 | 19.0.1 | 19.0.1 | 19.0.1 | 19.0.1 | 19.0.1 | 19.0.1 | 19.0.1 | 19.0.1 | 19.0.1 | 19.0.1 | 19.0.1 | 19.0.1 | 19.0.1 | 19.0.1 | 19.0.1 | 19.0.1 | 19.0.1 | 19.0.1 | 19.0.1 | 19.0.1 | 19.0.1 would require\n   └─ aws-sdk-cpp >=1.11.458,<1.11.459.0a0, for which no candidates were found.\n</pre><pre>win_64_python3.12.____cpython: Cannot solve the request because of: libarrow 19.0.* cannot be installed because there are no viable options:\n└─ libarrow 19.0.0 | 19.0.0 | 19.0.0 | 19.0.0 | 19.0.0 | 19.0.0 | 19.0.0 | 19.0.0 | 19.0.0 | 19.0.0 | 19.0.0 | 19.0.0 | 19.0.0 | 19.0.0 | 19.0.0 | 19.0.0 | 19.0.0 | 19.0.0 | 19.0.0 | 19.0.0 | 19.0.1 | 19.0.1 | 19.0.1 | 19.0.1 | 19.0.1 | 19.0.1 | 19.0.1 | 19.0.1 | 19.0.1 | 19.0.1 | 19.0.1 | 19.0.1 | 19.0.1 | 19.0.1 | 19.0.1 | 19.0.1 | 19.0.1 | 19.0.1 | 19.0.1 | 19.0.1 | 19.0.1 | 19.0.1 | 19.0.1 | 19.0.1 | 19.0.1 | 19.0.1 | 19.0.1 | 19.0.1 | 19.0.1 | 19.0.1 | 19.0.1 | 19.0.1 | 19.0.1 | 19.0.1 | 19.0.1 | 19.0.1 | 19.0.1 | 19.0.1 | 19.0.1 | 19.0.1 | 19.0.1 | 19.0.1 | 19.0.1 | 19.0.1 | 19.0.1 | 19.0.1 would require\n   └─ aws-sdk-cpp >=1.11.458,<1.11.459.0a0, for which no candidates were found.\n</pre><pre>win_64_python3.13.____cp313: Cannot solve the request because of: libarrow 19.0.* cannot be installed because there are no viable options:\n└─ libarrow 19.0.0 | 19.0.0 | 19.0.0 | 19.0.0 | 19.0.0 | 19.0.0 | 19.0.0 | 19.0.0 | 19.0.0 | 19.0.0 | 19.0.0 | 19.0.0 | 19.0.0 | 19.0.0 | 19.0.0 | 19.0.0 | 19.0.0 | 19.0.0 | 19.0.0 | 19.0.0 | 19.0.1 | 19.0.1 | 19.0.1 | 19.0.1 | 19.0.1 | 19.0.1 | 19.0.1 | 19.0.1 | 19.0.1 | 19.0.1 | 19.0.1 | 19.0.1 | 19.0.1 | 19.0.1 | 19.0.1 | 19.0.1 | 19.0.1 | 19.0.1 | 19.0.1 | 19.0.1 | 19.0.1 | 19.0.1 | 19.0.1 | 19.0.1 | 19.0.1 | 19.0.1 | 19.0.1 | 19.0.1 | 19.0.1 | 19.0.1 | 19.0.1 | 19.0.1 | 19.0.1 | 19.0.1 | 19.0.1 | 19.0.1 | 19.0.1 | 19.0.1 | 19.0.1 | 19.0.1 | 19.0.1 | 19.0.1 | 19.0.1 | 19.0.1 | 19.0.1 | 19.0.1 would require\n   └─ aws-sdk-cpp >=1.11.458,<1.11.459.0a0, for which no candidates were found.\n</pre><pre>win_64_python3.9.____cpython: Cannot solve the request because of: libarrow 19.0.* cannot be installed because there are no viable options:\n└─ libarrow 19.0.0 | 19.0.0 | 19.0.0 | 19.0.0 | 19.0.0 | 19.0.0 | 19.0.0 | 19.0.0 | 19.0.0 | 19.0.0 | 19.0.0 | 19.0.0 | 19.0.0 | 19.0.0 | 19.0.0 | 19.0.0 | 19.0.0 | 19.0.0 | 19.0.0 | 19.0.0 | 19.0.1 | 19.0.1 | 19.0.1 | 19.0.1 | 19.0.1 | 19.0.1 | 19.0.1 | 19.0.1 | 19.0.1 | 19.0.1 | 19.0.1 | 19.0.1 | 19.0.1 | 19.0.1 | 19.0.1 | 19.0.1 | 19.0.1 | 19.0.1 | 19.0.1 | 19.0.1 | 19.0.1 | 19.0.1 | 19.0.1 | 19.0.1 | 19.0.1 | 19.0.1 | 19.0.1 | 19.0.1 | 19.0.1 | 19.0.1 | 19.0.1 | 19.0.1 | 19.0.1 | 19.0.1 | 19.0.1 | 19.0.1 | 19.0.1 | 19.0.1 | 19.0.1 | 19.0.1 | 19.0.1 | 19.0.1 | 19.0.1 | 19.0.1 | 19.0.1 | 19.0.1 would require\n   └─ aws-sdk-cpp >=1.11.458,<1.11.459.0a0, for which no candidates were found.\n\n        </pre>\n        </div>\n        </details>"
    },
    "nvidia-dali-python": {
      "immediate_children": [],
      "num_descendants": 0,
      "pre_pr_migrator_status": "bot error (<a href=\"https://github.com/regro/cf-scripts/actions/runs/16376033107\">bot CI job</a>): main:\nTraceback (most recent call last):\n  File \"/opt/conda/envs/cf-scripts/lib/python3.11/site-packages/conda_forge_feedstock_check_solvable/rattler_build.py\", line 40, in invoke_rattler_build\n    yaml.dump(\n  File \"/opt/conda/envs/cf-scripts/lib/python3.11/site-packages/yaml/__init__.py\", line 253, in dump\n    return dump_all([data], stream, Dumper=Dumper, **kwds)\n           ^^^^^^^^^^^^^^^^^^^^^^^^^^^^^^^^^^^^^^^^^^^^^^^\n  File \"/opt/conda/envs/cf-scripts/lib/python3.11/site-packages/yaml/__init__.py\", line 241, in dump_all\n    dumper.represent(data)\n  File \"/opt/conda/envs/cf-scripts/lib/python3.11/site-packages/yaml/representer.py\", line 28, in represent\n    self.serialize(node)\n  File \"/opt/conda/envs/cf-scripts/lib/python3.11/site-packages/yaml/serializer.py\", line 55, in serialize\n    self.emit(DocumentEndEvent(explicit=self.use_explicit_end))\n  File \"/opt/conda/envs/cf-scripts/lib/python3.11/site-packages/yaml/emitter.py\", line 115, in emit\n    self.state()\n  File \"/opt/conda/envs/cf-scripts/lib/python3.11/site-packages/yaml/emitter.py\", line 220, in expect_document_end\n    self.flush_stream()\n  File \"/opt/conda/envs/cf-scripts/lib/python3.11/site-packages/yaml/emitter.py\", line 790, in flush_stream\n    self.stream.flush()\n  File \"/opt/conda/envs/cf-scripts/lib/python3.11/tempfile.py\", line 500, in func_wrapper\n    return func(*args, **kwargs)\n           ^^^^^^^^^^^^^^^^^^^^^\nOSError: [Errno 28] No space left on device\n\nDuring handling of the above exception, another exception occurred:\n\nOSError: [Errno 28] No space left on device\n\nDuring handling of the above exception, another exception occurred:\n\nTraceback (most recent call last):\n  File \"/opt/autotick-bot/conda_forge_tick/container_cli.py\", line 122, in _run_bot_task\n    data = func(**kwargs)\n           ^^^^^^^^^^^^^^\n  File \"/opt/autotick-bot/conda_forge_tick/container_cli.py\", line 400, in _check_solvable\n    data[\"solvable\"], data[\"errors\"], data[\"solvable_by_variant\"] = is_recipe_solvable(\n                                                                    ^^^^^^^^^^^^^^^^^^^\n  File \"/opt/autotick-bot/conda_forge_tick/solver_checks.py\", line 98, in is_recipe_solvable\n    return _is_recipe_solvable(\n           ^^^^^^^^^^^^^^^^^^^^\n  File \"/opt/conda/envs/cf-scripts/lib/python3.11/site-packages/conda_forge_feedstock_check_solvable/check_solvable.py\", line 83, in is_recipe_solvable\n    res = _is_recipe_solvable(\n          ^^^^^^^^^^^^^^^^^^^^\n  File \"/opt/conda/envs/cf-scripts/lib/python3.11/site-packages/conda_forge_feedstock_check_solvable/check_solvable.py\", line 170, in _is_recipe_solvable\n    _solvable, _errors = _is_recipe_solvable_on_platform(\n                         ^^^^^^^^^^^^^^^^^^^^^^^^^^^^^^^^\n  File \"/opt/conda/envs/cf-scripts/lib/python3.11/site-packages/conda_forge_feedstock_check_solvable/check_solvable.py\", line 269, in _is_recipe_solvable_on_platform\n    solvable, errors = invoke_rattler_build(\n                       ^^^^^^^^^^^^^^^^^^^^^\n  File \"/opt/conda/envs/cf-scripts/lib/python3.11/site-packages/conda_forge_feedstock_check_solvable/rattler_build.py\", line 38, in invoke_rattler_build\n    with tempfile.NamedTemporaryFile(mode=\"w\", delete=False) as variants_file:\n  File \"/opt/conda/envs/cf-scripts/lib/python3.11/tempfile.py\", line 518, in __exit__\n    result = self.file.__exit__(exc, value, tb)\n             ^^^^^^^^^^^^^^^^^^^^^^^^^^^^^^^^^^\nOSError: [Errno 28] No space left on device\n"
    },
    "tiledb": {
      "immediate_children": [],
      "num_descendants": 0,
      "pr_status": "",
      "pr_url": "https://github.com/conda-forge/tiledb-feedstock",
      "pre_pr_migrator_status": ""
    }
  },
  "awaiting-parents": [],
  "awaiting-pr": [
    "arcticdb"
  ],
  "bot-error": [
    "nvidia-dali-python"
  ],
  "done": [
    "tiledb",
    "arrow-cpp"
  ],
  "in-pr": [],
  "not-solvable": [
    "bodo"
  ]
}